[ 2018-01-03T09:05:39+08:00 ][ info ] [ LANG ] D:\think\tp5_workerman\thinkphp\thinkphp\lang\zh-cn.php
[ info ] [ LOG ] INIT File
[ 2018-01-03T09:05:39+08:00 ][ info ] [ BIND ] 'push/Worker'
[ 2018-01-03T09:05:39+08:00 ][ info ] [ ROUTE ] array (
  'type' => 'module',
  'module' => 
  array (
    0 => 'push',
    1 => 'Worker',
    2 => NULL,
  ),
)
[ 2018-01-03T09:05:39+08:00 ][ info ] [ HEADER ] array (
)
[ 2018-01-03T09:05:39+08:00 ][ info ] [ PARAM ] array (
)
[ 2018-01-03T09:26:51+08:00 ][ log ] $worker->onMessage6u163ecr587bm1h685t2be6500
[ 2018-01-03T09:27:56+08:00 ][ log ] $worker->onMessage
[ 2018-01-03T09:31:04+08:00 ][ info ] [ LANG ] D:\think\tp5_workerman\thinkphp\thinkphp\lang\zh-cn.php
[ info ] [ LOG ] INIT File
[ 2018-01-03T09:31:04+08:00 ][ info ] [ BIND ] 'push/Worker'
[ 2018-01-03T09:31:04+08:00 ][ info ] [ ROUTE ] array (
  'type' => 'module',
  'module' => 
  array (
    0 => 'push',
    1 => 'Worker',
    2 => NULL,
  ),
)
[ 2018-01-03T09:31:04+08:00 ][ info ] [ HEADER ] array (
)
[ 2018-01-03T09:31:04+08:00 ][ info ] [ PARAM ] array (
)
[ 2018-01-03T09:31:07+08:00 ][ log ] $worker->onMessage6u163ecr587bm1h685t2be6500
[ 2018-01-03T09:31:12+08:00 ][ log ] $worker->onMessage6u163ecr587bm1h685t2be6500
[ 2018-01-03T09:31:40+08:00 ][ log ] $worker->onMessage6u163ecr587bm1h685t2be6500
[ 2018-01-03T09:31:43+08:00 ][ log ] $worker->onMessage6u163ecr587bm1h685t2be6500
[ 2018-01-03T09:32:28+08:00 ][ log ] $worker->onMessage6u163ecr587bm1h685t2be6500
[ 2018-01-03T10:18:08+08:00 ][ info ] [ LANG ] D:\think\tp5_workerman\thinkphp\thinkphp\lang\zh-cn.php
[ info ] [ LOG ] INIT File
[ 2018-01-03T10:18:08+08:00 ][ info ] [ BIND ] 'push/Worker'
[ 2018-01-03T10:18:08+08:00 ][ info ] [ ROUTE ] array (
  'type' => 'module',
  'module' => 
  array (
    0 => 'push',
    1 => 'Worker',
    2 => NULL,
  ),
)
[ 2018-01-03T10:18:08+08:00 ][ info ] [ HEADER ] array (
)
[ 2018-01-03T10:18:08+08:00 ][ info ] [ PARAM ] array (
)
[ 2018-01-03T10:20:54+08:00 ][ info ] [ LANG ] D:\think\tp5_workerman\thinkphp\thinkphp\lang\zh-cn.php
[ info ] [ LOG ] INIT File
[ 2018-01-03T10:20:54+08:00 ][ info ] [ BIND ] 'push/Worker'
[ 2018-01-03T10:20:54+08:00 ][ info ] [ ROUTE ] array (
  'type' => 'module',
  'module' => 
  array (
    0 => 'push',
    1 => 'Worker',
    2 => NULL,
  ),
)
[ 2018-01-03T10:20:54+08:00 ][ info ] [ HEADER ] array (
)
[ 2018-01-03T10:20:54+08:00 ][ info ] [ PARAM ] array (
)
[ 2018-01-03T10:20:54+08:00 ][ error ] [4]syntax error, unexpected 'define' (T_STRING), expecting function (T_FUNCTION)[D:\think\tp5_workerman\thinkphp\vendor\topthink\think-worker\src\Server.php:23]
[ 2018-01-03T10:21:16+08:00 ][ info ] [ LANG ] D:\think\tp5_workerman\thinkphp\thinkphp\lang\zh-cn.php
[ info ] [ LOG ] INIT File
[ 2018-01-03T10:21:16+08:00 ][ info ] [ BIND ] 'push/Worker'
[ 2018-01-03T10:21:16+08:00 ][ info ] [ ROUTE ] array (
  'type' => 'module',
  'module' => 
  array (
    0 => 'push',
    1 => 'Worker',
    2 => NULL,
  ),
)
[ 2018-01-03T10:21:16+08:00 ][ info ] [ HEADER ] array (
)
[ 2018-01-03T10:21:16+08:00 ][ info ] [ PARAM ] array (
)
[ 2018-01-03T10:21:45+08:00 ][ log ] $worker->onMessage6u163ecr587bm1h685t2be6500
[ 2018-01-03T10:22:00+08:00 ][ log ] $worker->onMessage6u163ecr587bm1h685t2be6500
[ 2018-01-03T10:22:10+08:00 ][ log ] $worker->onMessage6u163ecr587bm1h685t2be6500
[ 2018-01-03T10:22:24+08:00 ][ log ] $worker->onMessage6u163ecr587bm1h685t2be6500
[ 2018-01-03T10:22:38+08:00 ][ info ] [ LANG ] D:\think\tp5_workerman\thinkphp\thinkphp\lang\zh-cn.php
[ info ] [ LOG ] INIT File
[ 2018-01-03T10:22:38+08:00 ][ info ] [ BIND ] 'push/Worker'
[ 2018-01-03T10:22:38+08:00 ][ info ] [ ROUTE ] array (
  'type' => 'module',
  'module' => 
  array (
    0 => 'push',
    1 => 'Worker',
    2 => NULL,
  ),
)
[ 2018-01-03T10:22:38+08:00 ][ info ] [ HEADER ] array (
)
[ 2018-01-03T10:22:38+08:00 ][ info ] [ PARAM ] array (
)
[ 2018-01-03T10:22:40+08:00 ][ log ] $worker->onMessage6u163ecr587bm1h685t2be6500
[ 2018-01-03T10:24:25+08:00 ][ log ] $worker->onMessage6u163ecr587bm1h685t2be6500
[ 2018-01-03T10:24:51+08:00 ][ log ] $worker->onMessage6u163ecr587bm1h685t2be6500
[ 2018-01-03T10:25:49+08:00 ][ log ] $worker->onMessage6u163ecr587bm1h685t2be6500
[ 2018-01-03T15:12:27+08:00 ][ log ] $worker->onMessage6u163ecr587bm1h685t2be6500
[ 2018-01-03T15:13:18+08:00 ][ log ] $worker->onMessage6u163ecr587bm1h685t2be6500
[ 2018-01-03T15:13:50+08:00 ][ log ] $worker->onMessage6u163ecr587bm1h685t2be6500
[ 2018-01-03T15:15:04+08:00 ][ log ] $worker->onMessage6u163ecr587bm1h685t2be6500
[ 2018-01-03T15:15:43+08:00 ][ log ] $worker->onMessage6u163ecr587bm1h685t2be6500
[ 2018-01-03T15:17:28+08:00 ][ log ] $worker->onMessage6u163ecr587bm1h685t2be6500
[ 2018-01-03T15:17:50+08:00 ][ log ] $worker->onMessage6u163ecr587bm1h685t2be6500
[ 2018-01-03T17:42:39+08:00 ][ log ] $worker->onMessage6u163ecr587bm1h685t2be6500
