[ 2018-01-05T16:17:45+08:00 ][ info ] [ LANG ] D:\think\tp5_workerman\thinkphp\thinkphp\lang\zh-cn.php
[ info ] [ LOG ] INIT File
[ 2018-01-05T16:17:45+08:00 ][ info ] [ BIND ] 'push/Worker'
[ 2018-01-05T16:17:45+08:00 ][ info ] [ ROUTE ] array (
  'type' => 'module',
  'module' => 
  array (
    0 => 'push',
    1 => 'Worker',
    2 => NULL,
  ),
)
[ 2018-01-05T16:17:45+08:00 ][ info ] [ HEADER ] array (
)
[ 2018-01-05T16:17:45+08:00 ][ info ] [ PARAM ] array (
)
[ 2018-01-05T17:05:35+08:00 ][ info ] [ LANG ] D:\think\tp5_workerman\thinkphp\thinkphp\lang\zh-cn.php
[ info ] [ LOG ] INIT File
[ 2018-01-05T17:05:35+08:00 ][ info ] [ BIND ] 'push/Worker'
[ 2018-01-05T17:05:35+08:00 ][ info ] [ ROUTE ] array (
  'type' => 'module',
  'module' => 
  array (
    0 => 'push',
    1 => 'Worker',
    2 => NULL,
  ),
)
[ 2018-01-05T17:05:35+08:00 ][ info ] [ HEADER ] array (
)
[ 2018-01-05T17:05:35+08:00 ][ info ] [ PARAM ] array (
)
[ 2018-01-05T17:31:54+08:00 ][ info ] [ LANG ] D:\think\tp5_workerman\thinkphp\thinkphp\lang\zh-cn.php
[ info ] [ LOG ] INIT File
[ 2018-01-05T17:31:54+08:00 ][ info ] [ BIND ] 'push/Worker'
[ 2018-01-05T17:31:54+08:00 ][ info ] [ ROUTE ] array (
  'type' => 'module',
  'module' => 
  array (
    0 => 'push',
    1 => 'Worker',
    2 => NULL,
  ),
)
[ 2018-01-05T17:31:54+08:00 ][ info ] [ HEADER ] array (
)
[ 2018-01-05T17:31:54+08:00 ][ info ] [ PARAM ] array (
)
