[ 2017-12-15T11:48:07+08:00 ][ info ] [ LANG ] D:\think\tp5_workerman\thinkphp\thinkphp\lang\zh-cn.php
[ info ] [ LOG ] INIT File
[ 2017-12-15T11:48:07+08:00 ][ info ] [ BIND ] 'push/Worker'
[ 2017-12-15T11:48:07+08:00 ][ info ] [ ROUTE ] array (
  'type' => 'module',
  'module' => 
  array (
    0 => 'push',
    1 => 'Worker',
    2 => 'status',
  ),
)
[ 2017-12-15T11:48:07+08:00 ][ info ] [ HEADER ] array (
)
[ 2017-12-15T11:48:07+08:00 ][ info ] [ PARAM ] array (
)
[ 2017-12-15T11:48:07+08:00 ][ error ] [4]syntax error, unexpected '$connection' (T_VARIABLE)[D:\think\tp5_workerman\thinkphp\vendor\topthink\think-worker\src\Server.php:73]
[ 2017-12-15T11:48:28+08:00 ][ info ] [ LANG ] D:\think\tp5_workerman\thinkphp\thinkphp\lang\zh-cn.php
[ info ] [ LOG ] INIT File
[ 2017-12-15T11:48:28+08:00 ][ info ] [ BIND ] 'push/Worker'
[ 2017-12-15T11:48:28+08:00 ][ info ] [ ROUTE ] array (
  'type' => 'module',
  'module' => 
  array (
    0 => 'push',
    1 => 'Worker',
    2 => 'status',
  ),
)
[ 2017-12-15T11:48:28+08:00 ][ info ] [ HEADER ] array (
)
[ 2017-12-15T11:48:28+08:00 ][ info ] [ PARAM ] array (
)
[ 2017-12-15T11:48:28+08:00 ][ error ] [1]Class 'think\worker\Timer' not found[D:\think\tp5_workerman\thinkphp\vendor\topthink\think-worker\src\Server.php:81]
[ 2017-12-15T11:49:04+08:00 ][ info ] [ LANG ] D:\think\tp5_workerman\thinkphp\thinkphp\lang\zh-cn.php
[ info ] [ LOG ] INIT File
[ 2017-12-15T11:49:04+08:00 ][ info ] [ BIND ] 'push/Worker'
[ 2017-12-15T11:49:04+08:00 ][ info ] [ ROUTE ] array (
  'type' => 'module',
  'module' => 
  array (
    0 => 'push',
    1 => 'Worker',
    2 => 'status',
  ),
)
[ 2017-12-15T11:49:04+08:00 ][ info ] [ HEADER ] array (
)
[ 2017-12-15T11:49:04+08:00 ][ info ] [ PARAM ] array (
)
[ 2017-12-15T11:49:15+08:00 ][ log ] array (
  'uid' => '26pqv4daamvtq608jqs9i56dk5',
  'percent' => '89%',
)
[ 2017-12-15T11:49:16+08:00 ][ log ] array (
  'uid' => '26pqv4daamvtq608jqs9i56dk5',
  'percent' => '89%',
)
[ 2017-12-15T11:49:16+08:00 ][ error ] [8]Use of undefined constant HEARTBEAT_TIME - assumed 'HEARTBEAT_TIME'[D:\think\tp5_workerman\thinkphp\vendor\topthink\think-worker\src\Server.php:91]
[ 2017-12-15T11:50:46+08:00 ][ info ] [ LANG ] D:\think\tp5_workerman\thinkphp\thinkphp\lang\zh-cn.php
[ info ] [ LOG ] INIT File
[ 2017-12-15T11:50:46+08:00 ][ info ] [ BIND ] 'push/Worker'
[ 2017-12-15T11:50:46+08:00 ][ info ] [ ROUTE ] array (
  'type' => 'module',
  'module' => 
  array (
    0 => 'push',
    1 => 'Worker',
    2 => 'status',
  ),
)
[ 2017-12-15T11:50:46+08:00 ][ info ] [ HEADER ] array (
)
[ 2017-12-15T11:50:46+08:00 ][ info ] [ PARAM ] array (
)
[ 2017-12-15T11:50:46+08:00 ][ error ] [4]syntax error, unexpected '$uid' (T_VARIABLE)[D:\think\tp5_workerman\thinkphp\vendor\topthink\think-worker\src\Server.php:72]
[ 2017-12-15T11:50:54+08:00 ][ info ] [ LANG ] D:\think\tp5_workerman\thinkphp\thinkphp\lang\zh-cn.php
[ info ] [ LOG ] INIT File
[ 2017-12-15T11:50:54+08:00 ][ info ] [ BIND ] 'push/Worker'
[ 2017-12-15T11:50:54+08:00 ][ info ] [ ROUTE ] array (
  'type' => 'module',
  'module' => 
  array (
    0 => 'push',
    1 => 'Worker',
    2 => 'status',
  ),
)
[ 2017-12-15T11:50:54+08:00 ][ info ] [ HEADER ] array (
)
[ 2017-12-15T11:50:54+08:00 ][ info ] [ PARAM ] array (
)
[ 2017-12-15T11:50:54+08:00 ][ error ] [4]syntax error, unexpected '$uid' (T_VARIABLE)[D:\think\tp5_workerman\thinkphp\vendor\topthink\think-worker\src\Server.php:72]
[ 2017-12-15T11:51:31+08:00 ][ info ] [ LANG ] D:\think\tp5_workerman\thinkphp\thinkphp\lang\zh-cn.php
[ info ] [ LOG ] INIT File
[ 2017-12-15T11:51:31+08:00 ][ info ] [ BIND ] 'push/Worker'
[ 2017-12-15T11:51:31+08:00 ][ info ] [ ROUTE ] array (
  'type' => 'module',
  'module' => 
  array (
    0 => 'push',
    1 => 'Worker',
    2 => 'status',
  ),
)
[ 2017-12-15T11:51:31+08:00 ][ info ] [ HEADER ] array (
)
[ 2017-12-15T11:51:31+08:00 ][ info ] [ PARAM ] array (
)
[ 2017-12-15T11:51:47+08:00 ][ info ] [ LANG ] D:\think\tp5_workerman\thinkphp\thinkphp\lang\zh-cn.php
[ info ] [ LOG ] INIT File
[ 2017-12-15T11:51:47+08:00 ][ info ] [ BIND ] 'push/Worker'
[ 2017-12-15T11:51:47+08:00 ][ info ] [ ROUTE ] array (
  'type' => 'module',
  'module' => 
  array (
    0 => 'push',
    1 => 'Worker',
    2 => 'status',
  ),
)
[ 2017-12-15T11:51:47+08:00 ][ info ] [ HEADER ] array (
)
[ 2017-12-15T11:51:47+08:00 ][ info ] [ PARAM ] array (
)
[ 2017-12-15T11:51:53+08:00 ][ log ] array (
  'uid' => '26pqv4daamvtq608jqs9i56dk5',
  'percent' => '89%',
)
[ 2017-12-15T11:51:54+08:00 ][ log ] array (
  'uid' => '26pqv4daamvtq608jqs9i56dk5',
  'percent' => '89%',
)
[ 2017-12-15T11:52:06+08:00 ][ log ] array (
  'uid' => '26pqv4daamvtq608jqs9i56dk5',
  'percent' => '89%',
)
[ 2017-12-15T11:52:25+08:00 ][ info ] [ LANG ] D:\think\tp5_workerman\thinkphp\thinkphp\lang\zh-cn.php
[ info ] [ LOG ] INIT File
[ 2017-12-15T11:52:25+08:00 ][ info ] [ BIND ] 'push/Worker'
[ 2017-12-15T11:52:25+08:00 ][ info ] [ ROUTE ] array (
  'type' => 'module',
  'module' => 
  array (
    0 => 'push',
    1 => 'Worker',
    2 => 'status',
  ),
)
[ 2017-12-15T11:52:25+08:00 ][ info ] [ HEADER ] array (
)
[ 2017-12-15T11:52:25+08:00 ][ info ] [ PARAM ] array (
)
[ 2017-12-15T11:52:27+08:00 ][ log ] array (
  'uid' => '26pqv4daamvtq608jqs9i56dk5',
  'percent' => '89%',
)
[ 2017-12-15T11:52:31+08:00 ][ log ] array (
  'uid' => '26pqv4daamvtq608jqs9i56dk5',
  'percent' => '89%',
)
[ 2017-12-15T11:52:33+08:00 ][ log ] array (
  'uid' => '26pqv4daamvtq608jqs9i56dk5',
  'percent' => '89%',
)
[ 2017-12-15T11:52:35+08:00 ][ log ] array (
  'uid' => '26pqv4daamvtq608jqs9i56dk5',
  'percent' => '89%',
)
[ 2017-12-15T11:52:37+08:00 ][ log ] array (
  'uid' => '26pqv4daamvtq608jqs9i56dk5',
  'percent' => '89%',
)
[ 2017-12-15T11:52:38+08:00 ][ log ] array (
  'uid' => '26pqv4daamvtq608jqs9i56dk5',
  'percent' => '89%',
)
[ 2017-12-15T11:52:39+08:00 ][ log ] array (
  'uid' => '26pqv4daamvtq608jqs9i56dk5',
  'percent' => '89%',
)
[ 2017-12-15T11:52:47+08:00 ][ log ] array (
  'uid' => '26pqv4daamvtq608jqs9i56dk5',
  'percent' => '89%',
)
[ 2017-12-15T11:52:56+08:00 ][ log ] array (
  'uid' => '26pqv4daamvtq608jqs9i56dk5',
  'percent' => '89%',
)
[ 2017-12-15T11:52:56+08:00 ][ log ] array (
  'uid' => '26pqv4daamvtq608jqs9i56dk5',
  'percent' => '89%',
)
[ 2017-12-15T11:53:29+08:00 ][ log ] array (
  'uid' => '26pqv4daamvtq608jqs9i56dk5',
  'percent' => '88%',
)
[ 2017-12-15T11:53:33+08:00 ][ log ] array (
  'uid' => '26pqv4daamvtq608jqs9i56dk5',
  'percent' => '88%',
)
[ 2017-12-15T11:53:42+08:00 ][ info ] [ LANG ] D:\think\tp5_workerman\thinkphp\thinkphp\lang\zh-cn.php
[ info ] [ LOG ] INIT File
[ 2017-12-15T11:53:42+08:00 ][ info ] [ BIND ] 'push/Worker'
[ 2017-12-15T11:53:42+08:00 ][ info ] [ ROUTE ] array (
  'type' => 'module',
  'module' => 
  array (
    0 => 'push',
    1 => 'Worker',
    2 => 'status',
  ),
)
[ 2017-12-15T11:53:42+08:00 ][ info ] [ HEADER ] array (
)
[ 2017-12-15T11:53:42+08:00 ][ info ] [ PARAM ] array (
)
