[ 2017-12-22T15:15:27+08:00 ][ log ] array (
  'uid' => 'eqmp79ht1ptea0fgl3k6kqcrr5',
  'percent' => '88%',
)
[ 2017-12-22T15:15:31+08:00 ][ log ] array (
  'uid' => 'eqmp79ht1ptea0fgl3k6kqcrr5',
  'percent' => '88%',
)
[ 2017-12-22T15:16:05+08:00 ][ info ] [ LANG ] D:\think\tp5_workerman\thinkphp\thinkphp\lang\zh-cn.php
[ info ] [ LOG ] INIT File
[ 2017-12-22T15:16:05+08:00 ][ info ] [ BIND ] 'push/Worker'
[ 2017-12-22T15:16:05+08:00 ][ info ] [ ROUTE ] array (
  'type' => 'module',
  'module' => 
  array (
    0 => 'push',
    1 => 'Worker',
    2 => NULL,
  ),
)
[ 2017-12-22T15:16:05+08:00 ][ info ] [ HEADER ] array (
)
[ 2017-12-22T15:16:05+08:00 ][ info ] [ PARAM ] array (
)
[ 2017-12-22T15:16:08+08:00 ][ log ] array (
  'uid' => 'eqmp79ht1ptea0fgl3k6kqcrr5',
  'percent' => '88%',
)
[ 2017-12-22T15:16:08+08:00 ][ log ] result
[ 2017-12-22T15:16:09+08:00 ][ log ] array (
  'uid' => 'eqmp79ht1ptea0fgl3k6kqcrr5',
  'percent' => '88%',
)
[ 2017-12-22T15:16:09+08:00 ][ log ] result
[ 2017-12-22T15:17:47+08:00 ][ info ] [ LANG ] D:\think\tp5_workerman\thinkphp\thinkphp\lang\zh-cn.php
[ info ] [ LOG ] INIT File
[ 2017-12-22T15:17:47+08:00 ][ info ] [ BIND ] 'push/Worker'
[ 2017-12-22T15:17:47+08:00 ][ info ] [ ROUTE ] array (
  'type' => 'module',
  'module' => 
  array (
    0 => 'push',
    1 => 'Worker',
    2 => NULL,
  ),
)
[ 2017-12-22T15:17:47+08:00 ][ info ] [ HEADER ] array (
)
[ 2017-12-22T15:17:47+08:00 ][ info ] [ PARAM ] array (
)
[ 2017-12-22T15:17:50+08:00 ][ log ] array (
  'uid' => 'eqmp79ht1ptea0fgl3k6kqcrr5',
  'percent' => '88%',
)
[ 2017-12-22T15:17:50+08:00 ][ log ] false
[ 2017-12-22T15:17:52+08:00 ][ log ] array (
  'uid' => 'eqmp79ht1ptea0fgl3k6kqcrr5',
  'percent' => '88%',
)
[ 2017-12-22T15:17:52+08:00 ][ log ] false
[ 2017-12-22T15:17:53+08:00 ][ log ] array (
  'uid' => 'eqmp79ht1ptea0fgl3k6kqcrr5',
  'percent' => '88%',
)
[ 2017-12-22T15:17:53+08:00 ][ log ] false
[ 2017-12-22T15:34:23+08:00 ][ info ] [ LANG ] D:\think\tp5_workerman\thinkphp\thinkphp\lang\zh-cn.php
[ info ] [ LOG ] INIT File
[ 2017-12-22T15:34:23+08:00 ][ info ] [ BIND ] 'push/Worker'
[ 2017-12-22T15:34:23+08:00 ][ info ] [ ROUTE ] array (
  'type' => 'module',
  'module' => 
  array (
    0 => 'push',
    1 => 'Worker',
    2 => NULL,
  ),
)
[ 2017-12-22T15:34:23+08:00 ][ info ] [ HEADER ] array (
)
[ 2017-12-22T15:34:23+08:00 ][ info ] [ PARAM ] array (
)
[ 2017-12-22T15:34:38+08:00 ][ log ] array (
  'uid' => 'eqmp79ht1ptea0fgl3k6kqcrr5',
  'percent' => '88%',
)
[ 2017-12-22T15:34:38+08:00 ][ log ] eqmp79ht1ptea0fgl3k6kqcrr5<br>
[ 2017-12-22T15:35:30+08:00 ][ log ] array (
  'uid' => 'eqmp79ht1ptea0fgl3k6kqcrr5',
  'percent' => '88%',
)
[ 2017-12-22T15:35:30+08:00 ][ log ] eqmp79ht1ptea0fgl3k6kqcrr5<br>
[ 2017-12-22T15:35:58+08:00 ][ info ] [ LANG ] D:\think\tp5_workerman\thinkphp\thinkphp\lang\zh-cn.php
[ info ] [ LOG ] INIT File
[ 2017-12-22T15:35:58+08:00 ][ info ] [ BIND ] 'push/Worker'
[ 2017-12-22T15:35:58+08:00 ][ info ] [ ROUTE ] array (
  'type' => 'module',
  'module' => 
  array (
    0 => 'push',
    1 => 'Worker',
    2 => NULL,
  ),
)
[ 2017-12-22T15:35:58+08:00 ][ info ] [ HEADER ] array (
)
[ 2017-12-22T15:35:58+08:00 ][ info ] [ PARAM ] array (
)
[ 2017-12-22T15:36:01+08:00 ][ log ] array (
  'uid' => 'eqmp79ht1ptea0fgl3k6kqcrr5',
  'percent' => '88%',
)
[ 2017-12-22T15:36:01+08:00 ][ log ] eqmp79ht1ptea0fgl3k6kqcrr5
[ 2017-12-22T15:36:03+08:00 ][ log ] array (
  'uid' => 'eqmp79ht1ptea0fgl3k6kqcrr5',
  'percent' => '88%',
)
[ 2017-12-22T15:36:03+08:00 ][ log ] eqmp79ht1ptea0fgl3k6kqcrr5
[ 2017-12-22T15:36:03+08:00 ][ log ] true
[ 2017-12-22T15:36:03+08:00 ][ log ] result
[ 2017-12-22T15:38:18+08:00 ][ info ] [ LANG ] D:\think\tp5_workerman\thinkphp\thinkphp\lang\zh-cn.php
[ info ] [ LOG ] INIT File
[ 2017-12-22T15:38:18+08:00 ][ info ] [ BIND ] 'push/Worker'
[ 2017-12-22T15:38:18+08:00 ][ info ] [ ROUTE ] array (
  'type' => 'module',
  'module' => 
  array (
    0 => 'push',
    1 => 'Worker',
    2 => NULL,
  ),
)
[ 2017-12-22T15:38:18+08:00 ][ info ] [ HEADER ] array (
)
[ 2017-12-22T15:38:18+08:00 ][ info ] [ PARAM ] array (
)
[ 2017-12-22T15:38:20+08:00 ][ log ] array (
  'uid' => 'eqmp79ht1ptea0fgl3k6kqcrr5',
  'percent' => '88%',
)
[ 2017-12-22T15:38:24+08:00 ][ log ] array (
  'uid' => 'eqmp79ht1ptea0fgl3k6kqcrr5',
  'percent' => '88%',
)
[ 2017-12-22T15:38:25+08:00 ][ log ] array (
  'uid' => 'eqmp79ht1ptea0fgl3k6kqcrr5',
  'percent' => '88%',
)
[ 2017-12-22T15:39:14+08:00 ][ log ] array (
  'uid' => 'eqmp79ht1ptea0fgl3k6kqcrr5',
  'percent' => '88%',
)
[ 2017-12-22T15:39:19+08:00 ][ log ] array (
  'uid' => 'eqmp79ht1ptea0fgl3k6kqcrr5',
  'percent' => '88%',
)
[ 2017-12-22T15:40:11+08:00 ][ log ] array (
  'uid' => 'eqmp79ht1ptea0fgl3k6kqcrr5',
  'percent' => '88%',
)
[ 2017-12-22T15:40:27+08:00 ][ log ] array (
  'uid' => 'eqmp79ht1ptea0fgl3k6kqcrr5',
  'percent' => '88%',
)
[ 2017-12-22T15:42:26+08:00 ][ info ] [ LANG ] D:\think\tp5_workerman\thinkphp\thinkphp\lang\zh-cn.php
[ info ] [ LOG ] INIT File
[ 2017-12-22T15:42:26+08:00 ][ info ] [ BIND ] 'push/Worker'
[ 2017-12-22T15:42:26+08:00 ][ info ] [ ROUTE ] array (
  'type' => 'module',
  'module' => 
  array (
    0 => 'push',
    1 => 'Worker',
    2 => NULL,
  ),
)
[ 2017-12-22T15:42:26+08:00 ][ info ] [ HEADER ] array (
)
[ 2017-12-22T15:42:26+08:00 ][ info ] [ PARAM ] array (
)
[ 2017-12-22T15:42:28+08:00 ][ log ] array (
  'uid' => 'eqmp79ht1ptea0fgl3k6kqcrr5',
  'percent' => '88%',
)
[ 2017-12-22T15:42:30+08:00 ][ log ] array (
  'uid' => 'eqmp79ht1ptea0fgl3k6kqcrr5',
  'percent' => '88%',
)
[ 2017-12-22T15:42:35+08:00 ][ log ] array (
  'uid' => 'eqmp79ht1ptea0fgl3k6kqcrr5',
  'percent' => '88%',
)
[ 2017-12-22T15:46:35+08:00 ][ log ] array (
  'uid' => 'eqmp79ht1ptea0fgl3k6kqcrr5',
  'percent' => '88%',
)
[ 2017-12-22T15:46:55+08:00 ][ info ] [ LANG ] D:\think\tp5_workerman\thinkphp\thinkphp\lang\zh-cn.php
[ info ] [ LOG ] INIT File
[ 2017-12-22T15:46:55+08:00 ][ info ] [ BIND ] 'push/Worker'
[ 2017-12-22T15:46:55+08:00 ][ info ] [ ROUTE ] array (
  'type' => 'module',
  'module' => 
  array (
    0 => 'push',
    1 => 'Worker',
    2 => NULL,
  ),
)
[ 2017-12-22T15:46:55+08:00 ][ info ] [ HEADER ] array (
)
[ 2017-12-22T15:46:55+08:00 ][ info ] [ PARAM ] array (
)
[ 2017-12-22T15:46:57+08:00 ][ log ] array (
  'uid' => 'eqmp79ht1ptea0fgl3k6kqcrr5',
  'percent' => '88%',
)
[ 2017-12-22T15:46:59+08:00 ][ log ] array (
  'uid' => 'eqmp79ht1ptea0fgl3k6kqcrr5',
  'percent' => '88%',
)
[ 2017-12-22T15:47:17+08:00 ][ info ] [ LANG ] D:\think\tp5_workerman\thinkphp\thinkphp\lang\zh-cn.php
[ info ] [ LOG ] INIT File
[ 2017-12-22T15:47:17+08:00 ][ info ] [ BIND ] 'push/Worker'
[ 2017-12-22T15:47:17+08:00 ][ info ] [ ROUTE ] array (
  'type' => 'module',
  'module' => 
  array (
    0 => 'push',
    1 => 'Worker',
    2 => NULL,
  ),
)
[ 2017-12-22T15:47:17+08:00 ][ info ] [ HEADER ] array (
)
[ 2017-12-22T15:47:17+08:00 ][ info ] [ PARAM ] array (
)
[ 2017-12-22T15:47:19+08:00 ][ log ] array (
  'uid' => 'eqmp79ht1ptea0fgl3k6kqcrr5',
  'percent' => '88%',
)
[ 2017-12-22T15:48:12+08:00 ][ info ] [ LANG ] D:\think\tp5_workerman\thinkphp\thinkphp\lang\zh-cn.php
[ info ] [ LOG ] INIT File
[ 2017-12-22T15:48:12+08:00 ][ info ] [ BIND ] 'push/Worker'
[ 2017-12-22T15:48:12+08:00 ][ info ] [ ROUTE ] array (
  'type' => 'module',
  'module' => 
  array (
    0 => 'push',
    1 => 'Worker',
    2 => NULL,
  ),
)
[ 2017-12-22T15:48:12+08:00 ][ info ] [ HEADER ] array (
)
[ 2017-12-22T15:48:12+08:00 ][ info ] [ PARAM ] array (
)
[ 2017-12-22T15:48:12+08:00 ][ log ] array (
  'uid' => 'eqmp79ht1ptea0fgl3k6kqcrr5',
  'percent' => '88%',
)
[ 2017-12-22T15:48:12+08:00 ][ log ] array (
  'uid' => 'eqmp79ht1ptea0fgl3k6kqcrr5',
  'percent' => '88%',
)
[ 2017-12-22T15:48:12+08:00 ][ log ] array (
  'uid' => 'eqmp79ht1ptea0fgl3k6kqcrr5',
  'percent' => '88%',
)
[ 2017-12-22T15:48:14+08:00 ][ log ] array (
  'uid' => 'eqmp79ht1ptea0fgl3k6kqcrr5',
  'percent' => '88%',
)
[ 2017-12-22T15:52:49+08:00 ][ log ] array (
  'uid' => 'eqmp79ht1ptea0fgl3k6kqcrr5',
  'percent' => '88%',
)
[ 2017-12-22T15:56:34+08:00 ][ log ] array (
  'uid' => 'eqmp79ht1ptea0fgl3k6kqcrr5',
  'percent' => '88%',
)
[ 2017-12-22T16:05:42+08:00 ][ info ] [ LANG ] D:\think\tp5_workerman\thinkphp\thinkphp\lang\zh-cn.php
[ info ] [ LOG ] INIT File
[ 2017-12-22T16:05:42+08:00 ][ info ] [ BIND ] 'push/Worker'
[ 2017-12-22T16:05:42+08:00 ][ info ] [ ROUTE ] array (
  'type' => 'module',
  'module' => 
  array (
    0 => 'push',
    1 => 'Worker',
    2 => NULL,
  ),
)
[ 2017-12-22T16:05:42+08:00 ][ info ] [ HEADER ] array (
)
[ 2017-12-22T16:05:42+08:00 ][ info ] [ PARAM ] array (
)
[ 2017-12-22T16:05:45+08:00 ][ log ] array (
  'uid' => 'eqmp79ht1ptea0fgl3k6kqcrr5',
  'percent' => '88%',
)
[ 2017-12-22T16:05:47+08:00 ][ log ] array (
  'uid' => 'eqmp79ht1ptea0fgl3k6kqcrr5',
  'percent' => '88%',
)
[ 2017-12-22T16:06:02+08:00 ][ log ] array (
  'uid' => 'eqmp79ht1ptea0fgl3k6kqcrr5',
  'percent' => '88%',
)
[ 2017-12-22T16:06:04+08:00 ][ log ] array (
  'uid' => 'eqmp79ht1ptea0fgl3k6kqcrr5',
  'percent' => '88%',
)
[ 2017-12-22T16:06:05+08:00 ][ log ] array (
  'uid' => 'eqmp79ht1ptea0fgl3k6kqcrr5',
  'percent' => '88%',
)
[ 2017-12-22T16:06:07+08:00 ][ log ] array (
  'uid' => 'eqmp79ht1ptea0fgl3k6kqcrr5',
  'percent' => '88%',
)
[ 2017-12-22T16:06:11+08:00 ][ log ] array (
  'uid' => 'eqmp79ht1ptea0fgl3k6kqcrr5',
  'percent' => '88%',
)
[ 2017-12-22T16:08:26+08:00 ][ log ] array (
  'uid' => 'eqmp79ht1ptea0fgl3k6kqcrr5',
  'percent' => '88%',
)
[ 2017-12-22T16:09:55+08:00 ][ info ] [ LANG ] D:\think\tp5_workerman\thinkphp\thinkphp\lang\zh-cn.php
[ info ] [ LOG ] INIT File
[ 2017-12-22T16:09:55+08:00 ][ info ] [ BIND ] 'push/Worker'
[ 2017-12-22T16:09:55+08:00 ][ info ] [ ROUTE ] array (
  'type' => 'module',
  'module' => 
  array (
    0 => 'push',
    1 => 'Worker',
    2 => NULL,
  ),
)
[ 2017-12-22T16:09:55+08:00 ][ info ] [ HEADER ] array (
)
[ 2017-12-22T16:09:55+08:00 ][ info ] [ PARAM ] array (
)
[ 2017-12-22T16:09:59+08:00 ][ log ] array (
  'uid' => 'eqmp79ht1ptea0fgl3k6kqcrr5',
  'percent' => '88%',
)
[ 2017-12-22T16:10:01+08:00 ][ log ] array (
  'uid' => 'eqmp79ht1ptea0fgl3k6kqcrr5',
  'percent' => '88%',
)
[ 2017-12-22T16:11:17+08:00 ][ info ] [ LANG ] D:\think\tp5_workerman\thinkphp\thinkphp\lang\zh-cn.php
[ info ] [ LOG ] INIT File
[ 2017-12-22T16:11:17+08:00 ][ info ] [ BIND ] 'push/Worker'
[ 2017-12-22T16:11:17+08:00 ][ info ] [ ROUTE ] array (
  'type' => 'module',
  'module' => 
  array (
    0 => 'push',
    1 => 'Worker',
    2 => NULL,
  ),
)
[ 2017-12-22T16:11:17+08:00 ][ info ] [ HEADER ] array (
)
[ 2017-12-22T16:11:17+08:00 ][ info ] [ PARAM ] array (
)
[ 2017-12-22T16:11:23+08:00 ][ log ] array (
  'uid' => 'eqmp79ht1ptea0fgl3k6kqcrr5',
  'percent' => '88%',
)
[ 2017-12-22T16:11:24+08:00 ][ log ] array (
  'uid' => 'eqmp79ht1ptea0fgl3k6kqcrr5',
  'percent' => '88%',
)
[ 2017-12-22T16:30:06+08:00 ][ info ] [ LANG ] D:\think\tp5_workerman\thinkphp\thinkphp\lang\zh-cn.php
[ info ] [ LOG ] INIT File
[ 2017-12-22T16:30:06+08:00 ][ info ] [ BIND ] 'push/Worker'
[ 2017-12-22T16:30:06+08:00 ][ info ] [ ROUTE ] array (
  'type' => 'module',
  'module' => 
  array (
    0 => 'push',
    1 => 'Worker',
    2 => NULL,
  ),
)
[ 2017-12-22T16:30:06+08:00 ][ info ] [ HEADER ] array (
)
[ 2017-12-22T16:30:06+08:00 ][ info ] [ PARAM ] array (
)
[ 2017-12-22T16:30:06+08:00 ][ error ] [4]syntax error, unexpected ':'[D:\think\tp5_workerman\thinkphp\vendor\topthink\think-worker\src\Server.php:78]
[ 2017-12-22T16:30:16+08:00 ][ info ] [ LANG ] D:\think\tp5_workerman\thinkphp\thinkphp\lang\zh-cn.php
[ info ] [ LOG ] INIT File
[ 2017-12-22T16:30:16+08:00 ][ info ] [ BIND ] 'push/Worker'
[ 2017-12-22T16:30:16+08:00 ][ info ] [ ROUTE ] array (
  'type' => 'module',
  'module' => 
  array (
    0 => 'push',
    1 => 'Worker',
    2 => NULL,
  ),
)
[ 2017-12-22T16:30:16+08:00 ][ info ] [ HEADER ] array (
)
[ 2017-12-22T16:30:16+08:00 ][ info ] [ PARAM ] array (
)
[ 2017-12-22T16:30:20+08:00 ][ log ] array (
  'uid' => 'eqmp79ht1ptea0fgl3k6kqcrr5',
  'percent' => '88%',
)
[ 2017-12-22T16:30:23+08:00 ][ log ] array (
  'uid' => 'eqmp79ht1ptea0fgl3k6kqcrr5',
  'percent' => '88%',
)
[ 2017-12-22T16:30:30+08:00 ][ log ] array (
  'uid' => 'eqmp79ht1ptea0fgl3k6kqcrr5',
  'percent' => '88%',
)
[ 2017-12-22T16:31:29+08:00 ][ log ] array (
  'uid' => 'eqmp79ht1ptea0fgl3k6kqcrr5',
  'percent' => '88%',
)
[ 2017-12-22T16:31:31+08:00 ][ log ] array (
  'uid' => 'eqmp79ht1ptea0fgl3k6kqcrr5',
  'percent' => '88%',
)
[ 2017-12-22T16:32:49+08:00 ][ info ] [ LANG ] D:\think\tp5_workerman\thinkphp\thinkphp\lang\zh-cn.php
[ info ] [ LOG ] INIT File
[ 2017-12-22T16:32:49+08:00 ][ info ] [ BIND ] 'push/Worker'
[ 2017-12-22T16:32:49+08:00 ][ info ] [ ROUTE ] array (
  'type' => 'module',
  'module' => 
  array (
    0 => 'push',
    1 => 'Worker',
    2 => NULL,
  ),
)
[ 2017-12-22T16:32:49+08:00 ][ info ] [ HEADER ] array (
)
[ 2017-12-22T16:32:49+08:00 ][ info ] [ PARAM ] array (
)
[ 2017-12-22T16:32:52+08:00 ][ log ] array (
  'uid' => 'eqmp79ht1ptea0fgl3k6kqcrr5',
  'percent' => '88%',
)
[ 2017-12-22T16:32:54+08:00 ][ log ] array (
  'uid' => 'eqmp79ht1ptea0fgl3k6kqcrr5',
  'percent' => '88%',
)
[ 2017-12-22T16:32:56+08:00 ][ log ] array (
  'uid' => 'eqmp79ht1ptea0fgl3k6kqcrr5',
  'percent' => '88%',
)
[ 2017-12-22T16:32:59+08:00 ][ log ] array (
  'uid' => 'eqmp79ht1ptea0fgl3k6kqcrr5',
  'percent' => '88%',
)
[ 2017-12-22T16:35:05+08:00 ][ log ] array (
  'uid' => 'eqmp79ht1ptea0fgl3k6kqcrr5',
  'percent' => '88%',
)
[ 2017-12-22T16:35:10+08:00 ][ info ] [ LANG ] D:\think\tp5_workerman\thinkphp\thinkphp\lang\zh-cn.php
[ info ] [ LOG ] INIT File
[ 2017-12-22T16:35:10+08:00 ][ info ] [ BIND ] 'push/Worker'
[ 2017-12-22T16:35:10+08:00 ][ info ] [ ROUTE ] array (
  'type' => 'module',
  'module' => 
  array (
    0 => 'push',
    1 => 'Worker',
    2 => NULL,
  ),
)
[ 2017-12-22T16:35:10+08:00 ][ info ] [ HEADER ] array (
)
[ 2017-12-22T16:35:10+08:00 ][ info ] [ PARAM ] array (
)
[ 2017-12-22T16:35:12+08:00 ][ log ] array (
  'uid' => 'eqmp79ht1ptea0fgl3k6kqcrr5',
  'percent' => '88%',
)
[ 2017-12-22T16:35:14+08:00 ][ log ] array (
  'uid' => 'eqmp79ht1ptea0fgl3k6kqcrr5',
  'percent' => '88%',
)
[ 2017-12-22T16:39:11+08:00 ][ info ] [ LANG ] D:\think\tp5_workerman\thinkphp\thinkphp\lang\zh-cn.php
[ info ] [ LOG ] INIT File
[ 2017-12-22T16:39:11+08:00 ][ info ] [ BIND ] 'push/Worker'
[ 2017-12-22T16:39:11+08:00 ][ info ] [ ROUTE ] array (
  'type' => 'module',
  'module' => 
  array (
    0 => 'push',
    1 => 'Worker',
    2 => NULL,
  ),
)
[ 2017-12-22T16:39:11+08:00 ][ info ] [ HEADER ] array (
)
[ 2017-12-22T16:39:11+08:00 ][ info ] [ PARAM ] array (
)
[ 2017-12-22T16:39:17+08:00 ][ log ] array (
  'uid' => 'eqmp79ht1ptea0fgl3k6kqcrr5',
  'percent' => '88%',
)
[ 2017-12-22T16:39:19+08:00 ][ log ] array (
  'uid' => 'eqmp79ht1ptea0fgl3k6kqcrr5',
  'percent' => '88%',
)
[ 2017-12-22T16:39:23+08:00 ][ log ] array (
  'uid' => 'eqmp79ht1ptea0fgl3k6kqcrr5',
  'percent' => '88%',
)
[ 2017-12-22T16:39:28+08:00 ][ log ] array (
  'uid' => 'eqmp79ht1ptea0fgl3k6kqcrr5',
  'percent' => '88%',
)
[ 2017-12-22T16:39:30+08:00 ][ log ] array (
  'uid' => 'eqmp79ht1ptea0fgl3k6kqcrr5',
  'percent' => '88%',
)
[ 2017-12-22T16:48:37+08:00 ][ info ] [ LANG ] D:\think\tp5_workerman\thinkphp\thinkphp\lang\zh-cn.php
[ info ] [ LOG ] INIT File
[ 2017-12-22T16:48:37+08:00 ][ info ] [ BIND ] 'push/Worker'
[ 2017-12-22T16:48:37+08:00 ][ info ] [ ROUTE ] array (
  'type' => 'module',
  'module' => 
  array (
    0 => 'push',
    1 => 'Worker',
    2 => NULL,
  ),
)
[ 2017-12-22T16:48:37+08:00 ][ info ] [ HEADER ] array (
)
[ 2017-12-22T16:48:37+08:00 ][ info ] [ PARAM ] array (
)
[ 2017-12-22T16:49:40+08:00 ][ log ] array (
  'uid' => 'eqmp79ht1ptea0fgl3k6kqcrr5',
  'percent' => '88%',
)
[ 2017-12-22T16:49:42+08:00 ][ log ] array (
  'uid' => 'eqmp79ht1ptea0fgl3k6kqcrr5',
  'percent' => '88%',
)
[ 2017-12-22T16:50:02+08:00 ][ log ] array (
  'uid' => 'eqmp79ht1ptea0fgl3k6kqcrr5',
  'percent' => '88%',
)
[ 2017-12-22T17:00:56+08:00 ][ log ] array (
  'uid' => 'eqmp79ht1ptea0fgl3k6kqcrr5',
  'percent' => '88%',
)
[ 2017-12-22T17:04:56+08:00 ][ log ] array (
  'uid' => 'eqmp79ht1ptea0fgl3k6kqcrr5',
  'percent' => '88%',
)
[ 2017-12-22T17:05:00+08:00 ][ log ] array (
  'uid' => 'eqmp79ht1ptea0fgl3k6kqcrr5',
  'percent' => '88%',
)
[ 2017-12-22T17:07:21+08:00 ][ log ] array (
  'uid' => 'eqmp79ht1ptea0fgl3k6kqcrr5',
  'percent' => '88%',
)
[ 2017-12-22T17:07:53+08:00 ][ log ] array (
  'uid' => 'eqmp79ht1ptea0fgl3k6kqcrr5',
  'percent' => '88%',
)
[ 2017-12-22T17:08:21+08:00 ][ log ] array (
  'uid' => 'eqmp79ht1ptea0fgl3k6kqcrr5',
  'percent' => '88%',
)
[ 2017-12-22T17:08:26+08:00 ][ log ] array (
  'uid' => 'eqmp79ht1ptea0fgl3k6kqcrr5',
  'percent' => '88%',
)
[ 2017-12-22T17:08:28+08:00 ][ log ] array (
  'uid' => 'eqmp79ht1ptea0fgl3k6kqcrr5',
  'percent' => '88%',
)
[ 2017-12-22T17:09:15+08:00 ][ info ] [ LANG ] D:\think\tp5_workerman\thinkphp\thinkphp\lang\zh-cn.php
[ info ] [ LOG ] INIT File
[ 2017-12-22T17:09:15+08:00 ][ info ] [ BIND ] 'push/Worker'
[ 2017-12-22T17:09:15+08:00 ][ info ] [ ROUTE ] array (
  'type' => 'module',
  'module' => 
  array (
    0 => 'push',
    1 => 'Worker',
    2 => NULL,
  ),
)
[ 2017-12-22T17:09:15+08:00 ][ info ] [ HEADER ] array (
)
[ 2017-12-22T17:09:15+08:00 ][ info ] [ PARAM ] array (
)
[ 2017-12-22T17:09:19+08:00 ][ log ] array (
  'uid' => 'eqmp79ht1ptea0fgl3k6kqcrr5',
  'percent' => '88%',
)
[ 2017-12-22T17:09:21+08:00 ][ log ] array (
  'uid' => 'eqmp79ht1ptea0fgl3k6kqcrr5',
  'percent' => '88%',
)
[ 2017-12-22T17:11:59+08:00 ][ log ] array (
  'uid' => 'eqmp79ht1ptea0fgl3k6kqcrr5',
  'percent' => '88%',
)
[ 2017-12-22T17:12:07+08:00 ][ log ] array (
  'uid' => 'eqmp79ht1ptea0fgl3k6kqcrr5',
  'percent' => '88%',
)
[ 2017-12-22T17:12:16+08:00 ][ log ] array (
  'uid' => 'eqmp79ht1ptea0fgl3k6kqcrr5',
  'percent' => '88%',
)
[ 2017-12-22T17:14:01+08:00 ][ log ] array (
  'uid' => 'eqmp79ht1ptea0fgl3k6kqcrr5',
  'percent' => '88%',
)
[ 2017-12-22T17:14:06+08:00 ][ log ] array (
  'uid' => 'eqmp79ht1ptea0fgl3k6kqcrr5',
  'percent' => '88%',
)
[ 2017-12-22T17:16:50+08:00 ][ log ] array (
  'uid' => 'eqmp79ht1ptea0fgl3k6kqcrr5',
  'percent' => '88%',
)
[ 2017-12-22T17:16:52+08:00 ][ log ] array (
  'uid' => 'eqmp79ht1ptea0fgl3k6kqcrr5',
  'percent' => '88%',
)
[ 2017-12-22T17:16:55+08:00 ][ log ] array (
  'uid' => 'eqmp79ht1ptea0fgl3k6kqcrr5',
  'percent' => '88%',
)
[ 2017-12-22T17:19:02+08:00 ][ log ] array (
  'uid' => 'eqmp79ht1ptea0fgl3k6kqcrr5',
  'percent' => '88%',
)
[ 2017-12-22T17:19:04+08:00 ][ log ] array (
  'uid' => 'eqmp79ht1ptea0fgl3k6kqcrr5',
  'percent' => '88%',
)
[ 2017-12-22T17:19:08+08:00 ][ log ] array (
  'uid' => 'eqmp79ht1ptea0fgl3k6kqcrr5',
  'percent' => '88%',
)
[ 2017-12-22T17:19:26+08:00 ][ log ] array (
  'uid' => 'eqmp79ht1ptea0fgl3k6kqcrr5',
  'percent' => '88%',
)
[ 2017-12-22T17:19:28+08:00 ][ log ] array (
  'uid' => 'eqmp79ht1ptea0fgl3k6kqcrr5',
  'percent' => '88%',
)
[ 2017-12-22T17:19:31+08:00 ][ log ] array (
  'uid' => 'eqmp79ht1ptea0fgl3k6kqcrr5',
  'percent' => '88%',
)
[ 2017-12-22T17:20:29+08:00 ][ log ] array (
  'uid' => 'eqmp79ht1ptea0fgl3k6kqcrr5',
  'percent' => '88%',
)
[ 2017-12-22T17:20:31+08:00 ][ log ] array (
  'uid' => 'eqmp79ht1ptea0fgl3k6kqcrr5',
  'percent' => '88%',
)
[ 2017-12-22T17:20:34+08:00 ][ log ] array (
  'uid' => 'eqmp79ht1ptea0fgl3k6kqcrr5',
  'percent' => '88%',
)
[ 2017-12-22T17:20:43+08:00 ][ log ] array (
  'uid' => 'eqmp79ht1ptea0fgl3k6kqcrr5',
  'percent' => '88%',
)
[ 2017-12-22T17:20:44+08:00 ][ log ] array (
  'uid' => 'eqmp79ht1ptea0fgl3k6kqcrr5',
  'percent' => '88%',
)
[ 2017-12-22T17:20:48+08:00 ][ log ] array (
  'uid' => 'eqmp79ht1ptea0fgl3k6kqcrr5',
  'percent' => '88%',
)
[ 2017-12-22T17:29:09+08:00 ][ log ] array (
  'uid' => 'eqmp79ht1ptea0fgl3k6kqcrr5',
  'percent' => '88%',
)
[ 2017-12-22T17:29:11+08:00 ][ log ] array (
  'uid' => 'eqmp79ht1ptea0fgl3k6kqcrr5',
  'percent' => '88%',
)
[ 2017-12-22T17:29:12+08:00 ][ log ] array (
  'uid' => 'eqmp79ht1ptea0fgl3k6kqcrr5',
  'percent' => '88%',
)
[ 2017-12-22T17:29:17+08:00 ][ log ] array (
  'uid' => 'eqmp79ht1ptea0fgl3k6kqcrr5',
  'percent' => '88%',
)
[ 2017-12-22T17:29:20+08:00 ][ log ] array (
  'uid' => 'eqmp79ht1ptea0fgl3k6kqcrr5',
  'percent' => '88%',
)
[ 2017-12-22T17:29:22+08:00 ][ log ] array (
  'uid' => 'eqmp79ht1ptea0fgl3k6kqcrr5',
  'percent' => '88%',
)
