[ 2017-12-25T14:26:00+08:00 ][ log ] $inner_text_worker->onMessage58q81qb9b182cnph2o34qa3bp5
[ 2017-12-25T14:26:03+08:00 ][ log ] $worker->onMessage58q81qb9b182cnph2o34qa3bp5
[ 2017-12-25T14:55:23+08:00 ][ info ] [ LANG ] D:\think\tp5_workerman\thinkphp\thinkphp\lang\zh-cn.php
[ info ] [ LOG ] INIT File
[ 2017-12-25T14:55:23+08:00 ][ info ] [ BIND ] 'push/Worker'
[ 2017-12-25T14:55:23+08:00 ][ info ] [ ROUTE ] array (
  'type' => 'module',
  'module' => 
  array (
    0 => 'push',
    1 => 'Worker',
    2 => NULL,
  ),
)
[ 2017-12-25T14:55:23+08:00 ][ info ] [ HEADER ] array (
)
[ 2017-12-25T14:55:23+08:00 ][ info ] [ PARAM ] array (
)
[ 2017-12-25T15:00:55+08:00 ][ log ] $inner_text_worker->onMessage58q81qb9b182cnph2o34qa3bp5
[ 2017-12-25T15:00:55+08:00 ][ log ] $worker->onMessage58q81qb9b182cnph2o34qa3bp5
[ 2017-12-25T15:37:56+08:00 ][ log ] $inner_text_worker->onMessage58q81qb9b182cnph2o34qa3bp5
[ 2017-12-25T15:37:59+08:00 ][ log ] $worker->onMessage58q81qb9b182cnph2o34qa3bp5
[ 2017-12-25T15:38:18+08:00 ][ log ] $inner_text_worker->onMessage58q81qb9b182cnph2o34qa3bp5
[ 2017-12-25T15:38:20+08:00 ][ log ] $worker->onMessage58q81qb9b182cnph2o34qa3bp5
[ 2017-12-25T15:38:22+08:00 ][ log ] $inner_text_worker->onMessage58q81qb9b182cnph2o34qa3bp5
[ 2017-12-25T15:38:28+08:00 ][ log ] $inner_text_worker->onMessage58q81qb9b182cnph2o34qa3bp5
[ 2017-12-25T15:38:29+08:00 ][ log ] $worker->onMessage58q81qb9b182cnph2o34qa3bp5
[ 2017-12-25T15:38:31+08:00 ][ log ] $inner_text_worker->onMessage58q81qb9b182cnph2o34qa3bp5
[ 2017-12-25T15:38:33+08:00 ][ log ] $worker->onMessage58q81qb9b182cnph2o34qa3bp5
[ 2017-12-25T15:44:43+08:00 ][ log ] $inner_text_worker->onMessage58q81qb9b182cnph2o34qa3bp5
[ 2017-12-25T15:44:47+08:00 ][ log ] $inner_text_worker->onMessage58q81qb9b182cnph2o34qa3bp5
[ 2017-12-25T15:44:49+08:00 ][ log ] $worker->onMessage58q81qb9b182cnph2o34qa3bp5
[ 2017-12-25T15:44:50+08:00 ][ log ] $inner_text_worker->onMessage58q81qb9b182cnph2o34qa3bp5
[ 2017-12-25T15:44:52+08:00 ][ log ] $worker->onMessage58q81qb9b182cnph2o34qa3bp5
[ 2017-12-25T15:45:02+08:00 ][ info ] [ LANG ] D:\think\tp5_workerman\thinkphp\thinkphp\lang\zh-cn.php
[ info ] [ LOG ] INIT File
[ 2017-12-25T15:45:02+08:00 ][ info ] [ BIND ] 'push/Worker'
[ 2017-12-25T15:45:02+08:00 ][ info ] [ ROUTE ] array (
  'type' => 'module',
  'module' => 
  array (
    0 => 'push',
    1 => 'Worker',
    2 => NULL,
  ),
)
[ 2017-12-25T15:45:02+08:00 ][ info ] [ HEADER ] array (
)
[ 2017-12-25T15:45:02+08:00 ][ info ] [ PARAM ] array (
)
[ 2017-12-25T15:45:05+08:00 ][ log ] $inner_text_worker->onMessage58q81qb9b182cnph2o34qa3bp5
[ 2017-12-25T15:45:09+08:00 ][ log ] $inner_text_worker->onMessage58q81qb9b182cnph2o34qa3bp5
[ 2017-12-25T15:45:10+08:00 ][ log ] $worker->onMessage58q81qb9b182cnph2o34qa3bp5
[ 2017-12-25T15:45:11+08:00 ][ log ] $inner_text_worker->onMessage58q81qb9b182cnph2o34qa3bp5
[ 2017-12-25T15:45:14+08:00 ][ log ] $worker->onMessage58q81qb9b182cnph2o34qa3bp5
[ 2017-12-25T15:46:39+08:00 ][ log ] $inner_text_worker->onMessage58q81qb9b182cnph2o34qa3bp5
[ 2017-12-25T15:46:52+08:00 ][ log ] $inner_text_worker->onMessage58q81qb9b182cnph2o34qa3bp5
[ 2017-12-25T15:46:53+08:00 ][ log ] $worker->onMessage58q81qb9b182cnph2o34qa3bp5
[ 2017-12-25T15:47:03+08:00 ][ log ] $inner_text_worker->onMessage58q81qb9b182cnph2o34qa3bp5
[ 2017-12-25T15:47:05+08:00 ][ log ] $worker->onMessage58q81qb9b182cnph2o34qa3bp5
[ 2017-12-25T16:13:36+08:00 ][ log ] $inner_text_worker->onMessage58q81qb9b182cnph2o34qa3bp5
[ 2017-12-25T16:13:36+08:00 ][ log ] $inner_text_worker->onMessage58q81qb9b182cnph2o34qa3bp5
[ 2017-12-25T16:13:36+08:00 ][ log ] $worker->onMessage58q81qb9b182cnph2o34qa3bp5
[ 2017-12-25T16:13:37+08:00 ][ log ] $inner_text_worker->onMessage58q81qb9b182cnph2o34qa3bp5
[ 2017-12-25T16:13:37+08:00 ][ log ] $inner_text_worker->onMessage58q81qb9b182cnph2o34qa3bp5
[ 2017-12-25T16:13:39+08:00 ][ log ] $worker->onMessage58q81qb9b182cnph2o34qa3bp5
[ 2017-12-25T16:13:41+08:00 ][ log ] $inner_text_worker->onMessage58q81qb9b182cnph2o34qa3bp5
[ 2017-12-25T16:13:41+08:00 ][ log ] $inner_text_worker->onMessage58q81qb9b182cnph2o34qa3bp5
[ 2017-12-25T16:13:45+08:00 ][ log ] $inner_text_worker->onMessage58q81qb9b182cnph2o34qa3bp5
[ 2017-12-25T16:13:45+08:00 ][ log ] $inner_text_worker->onMessage58q81qb9b182cnph2o34qa3bp5
[ 2017-12-25T16:13:45+08:00 ][ log ] $worker->onMessage58q81qb9b182cnph2o34qa3bp5
[ 2017-12-25T16:13:47+08:00 ][ log ] $inner_text_worker->onMessage58q81qb9b182cnph2o34qa3bp5
[ 2017-12-25T16:13:47+08:00 ][ log ] $inner_text_worker->onMessage58q81qb9b182cnph2o34qa3bp5
[ 2017-12-25T16:13:50+08:00 ][ log ] $worker->onMessage58q81qb9b182cnph2o34qa3bp5
[ 2017-12-25T16:15:12+08:00 ][ log ] $inner_text_worker->onMessage58q81qb9b182cnph2o34qa3bp5
[ 2017-12-25T16:15:12+08:00 ][ log ] $inner_text_worker->onMessage58q81qb9b182cnph2o34qa3bp5
[ 2017-12-25T16:15:17+08:00 ][ log ] $inner_text_worker->onMessage58q81qb9b182cnph2o34qa3bp5
[ 2017-12-25T16:15:17+08:00 ][ log ] $inner_text_worker->onMessage58q81qb9b182cnph2o34qa3bp5
[ 2017-12-25T16:15:17+08:00 ][ log ] $worker->onMessage58q81qb9b182cnph2o34qa3bp5
[ 2017-12-25T16:15:23+08:00 ][ log ] $inner_text_worker->onMessage58q81qb9b182cnph2o34qa3bp5
[ 2017-12-25T16:15:23+08:00 ][ log ] $inner_text_worker->onMessage58q81qb9b182cnph2o34qa3bp5
[ 2017-12-25T16:15:25+08:00 ][ log ] $worker->onMessage58q81qb9b182cnph2o34qa3bp5
[ 2017-12-25T16:21:45+08:00 ][ log ] $inner_text_worker->onMessage58q81qb9b182cnph2o34qa3bp5
[ 2017-12-25T16:21:45+08:00 ][ log ] $inner_text_worker->onMessage58q81qb9b182cnph2o34qa3bp5
[ 2017-12-25T16:21:56+08:00 ][ log ] $inner_text_worker->onMessage58q81qb9b182cnph2o34qa3bp5
[ 2017-12-25T16:21:56+08:00 ][ log ] $inner_text_worker->onMessage58q81qb9b182cnph2o34qa3bp5
[ 2017-12-25T16:21:56+08:00 ][ log ] $worker->onMessage58q81qb9b182cnph2o34qa3bp5
[ 2017-12-25T16:21:59+08:00 ][ log ] $inner_text_worker->onMessage58q81qb9b182cnph2o34qa3bp5
[ 2017-12-25T16:21:59+08:00 ][ log ] $inner_text_worker->onMessage58q81qb9b182cnph2o34qa3bp5
[ 2017-12-25T16:22:01+08:00 ][ log ] $worker->onMessage58q81qb9b182cnph2o34qa3bp5
[ 2017-12-25T16:22:29+08:00 ][ log ] $inner_text_worker->onMessage58q81qb9b182cnph2o34qa3bp5
[ 2017-12-25T16:22:29+08:00 ][ log ] $inner_text_worker->onMessage58q81qb9b182cnph2o34qa3bp5
[ 2017-12-25T16:22:32+08:00 ][ log ] $inner_text_worker->onMessage58q81qb9b182cnph2o34qa3bp5
[ 2017-12-25T16:22:32+08:00 ][ log ] $inner_text_worker->onMessage58q81qb9b182cnph2o34qa3bp5
[ 2017-12-25T16:22:32+08:00 ][ log ] $worker->onMessage58q81qb9b182cnph2o34qa3bp5
[ 2017-12-25T16:22:35+08:00 ][ log ] $inner_text_worker->onMessage58q81qb9b182cnph2o34qa3bp5
[ 2017-12-25T16:22:35+08:00 ][ log ] $inner_text_worker->onMessage58q81qb9b182cnph2o34qa3bp5
[ 2017-12-25T16:22:37+08:00 ][ log ] $worker->onMessage58q81qb9b182cnph2o34qa3bp5
[ 2017-12-25T16:24:06+08:00 ][ log ] $inner_text_worker->onMessage58q81qb9b182cnph2o34qa3bp5
[ 2017-12-25T16:24:06+08:00 ][ log ] $inner_text_worker->onMessage58q81qb9b182cnph2o34qa3bp5
[ 2017-12-25T16:24:08+08:00 ][ log ] $inner_text_worker->onMessage58q81qb9b182cnph2o34qa3bp5
[ 2017-12-25T16:24:08+08:00 ][ log ] $inner_text_worker->onMessage58q81qb9b182cnph2o34qa3bp5
[ 2017-12-25T16:24:08+08:00 ][ log ] $worker->onMessage58q81qb9b182cnph2o34qa3bp5
[ 2017-12-25T16:24:10+08:00 ][ log ] $inner_text_worker->onMessage58q81qb9b182cnph2o34qa3bp5
[ 2017-12-25T16:24:10+08:00 ][ log ] $inner_text_worker->onMessage58q81qb9b182cnph2o34qa3bp5
[ 2017-12-25T16:24:12+08:00 ][ log ] $worker->onMessage58q81qb9b182cnph2o34qa3bp5
[ 2017-12-25T16:24:15+08:00 ][ log ] $inner_text_worker->onMessage58q81qb9b182cnph2o34qa3bp5
[ 2017-12-25T16:24:15+08:00 ][ log ] $inner_text_worker->onMessage58q81qb9b182cnph2o34qa3bp5
[ 2017-12-25T16:27:04+08:00 ][ log ] $inner_text_worker->onMessage58q81qb9b182cnph2o34qa3bp5
[ 2017-12-25T16:27:04+08:00 ][ log ] $inner_text_worker->onMessage58q81qb9b182cnph2o34qa3bp5
[ 2017-12-25T16:27:04+08:00 ][ log ] $worker->onMessage58q81qb9b182cnph2o34qa3bp5
[ 2017-12-25T16:27:05+08:00 ][ log ] $inner_text_worker->onMessage58q81qb9b182cnph2o34qa3bp5
[ 2017-12-25T16:27:05+08:00 ][ log ] $inner_text_worker->onMessage58q81qb9b182cnph2o34qa3bp5
[ 2017-12-25T16:27:07+08:00 ][ log ] $worker->onMessage58q81qb9b182cnph2o34qa3bp5
[ 2017-12-25T16:31:36+08:00 ][ log ] $inner_text_worker->onMessage58q81qb9b182cnph2o34qa3bp5
[ 2017-12-25T16:31:36+08:00 ][ log ] $inner_text_worker->onMessage58q81qb9b182cnph2o34qa3bp5
[ 2017-12-25T16:31:40+08:00 ][ log ] $inner_text_worker->onMessage58q81qb9b182cnph2o34qa3bp5
[ 2017-12-25T16:31:40+08:00 ][ log ] $inner_text_worker->onMessage58q81qb9b182cnph2o34qa3bp5
[ 2017-12-25T16:31:40+08:00 ][ log ] $worker->onMessage58q81qb9b182cnph2o34qa3bp5
[ 2017-12-25T16:31:42+08:00 ][ log ] $inner_text_worker->onMessage58q81qb9b182cnph2o34qa3bp5
[ 2017-12-25T16:31:42+08:00 ][ log ] $inner_text_worker->onMessage58q81qb9b182cnph2o34qa3bp5
[ 2017-12-25T16:31:45+08:00 ][ log ] $worker->onMessage58q81qb9b182cnph2o34qa3bp5
[ 2017-12-25T16:32:09+08:00 ][ log ] $inner_text_worker->onMessage58q81qb9b182cnph2o34qa3bp5
[ 2017-12-25T16:32:09+08:00 ][ log ] $inner_text_worker->onMessage58q81qb9b182cnph2o34qa3bp5
[ 2017-12-25T16:32:12+08:00 ][ log ] $inner_text_worker->onMessage58q81qb9b182cnph2o34qa3bp5
[ 2017-12-25T16:32:12+08:00 ][ log ] $inner_text_worker->onMessage58q81qb9b182cnph2o34qa3bp5
[ 2017-12-25T16:32:12+08:00 ][ log ] $worker->onMessage58q81qb9b182cnph2o34qa3bp5
[ 2017-12-25T16:32:14+08:00 ][ log ] $inner_text_worker->onMessage58q81qb9b182cnph2o34qa3bp5
[ 2017-12-25T16:32:14+08:00 ][ log ] $inner_text_worker->onMessage58q81qb9b182cnph2o34qa3bp5
[ 2017-12-25T16:32:16+08:00 ][ log ] $worker->onMessage58q81qb9b182cnph2o34qa3bp5
[ 2017-12-25T16:36:18+08:00 ][ log ] $inner_text_worker->onMessage58q81qb9b182cnph2o34qa3bp5
[ 2017-12-25T16:36:18+08:00 ][ log ] $inner_text_worker->onMessage58q81qb9b182cnph2o34qa3bp5
[ 2017-12-25T16:36:22+08:00 ][ log ] $inner_text_worker->onMessage58q81qb9b182cnph2o34qa3bp5
[ 2017-12-25T16:36:22+08:00 ][ log ] $inner_text_worker->onMessage58q81qb9b182cnph2o34qa3bp5
[ 2017-12-25T16:36:22+08:00 ][ log ] $worker->onMessage58q81qb9b182cnph2o34qa3bp5
[ 2017-12-25T16:36:23+08:00 ][ log ] $inner_text_worker->onMessage58q81qb9b182cnph2o34qa3bp5
[ 2017-12-25T16:36:23+08:00 ][ log ] $inner_text_worker->onMessage58q81qb9b182cnph2o34qa3bp5
[ 2017-12-25T16:36:26+08:00 ][ log ] $worker->onMessage58q81qb9b182cnph2o34qa3bp5
[ 2017-12-25T16:39:52+08:00 ][ log ] $inner_text_worker->onMessage58q81qb9b182cnph2o34qa3bp5
[ 2017-12-25T16:39:52+08:00 ][ log ] $inner_text_worker->onMessage58q81qb9b182cnph2o34qa3bp5
[ 2017-12-25T16:39:56+08:00 ][ log ] $inner_text_worker->onMessage58q81qb9b182cnph2o34qa3bp5
[ 2017-12-25T16:39:56+08:00 ][ log ] $inner_text_worker->onMessage58q81qb9b182cnph2o34qa3bp5
[ 2017-12-25T16:39:56+08:00 ][ log ] $worker->onMessage58q81qb9b182cnph2o34qa3bp5
[ 2017-12-25T16:39:57+08:00 ][ log ] $inner_text_worker->onMessage58q81qb9b182cnph2o34qa3bp5
[ 2017-12-25T16:39:57+08:00 ][ log ] $inner_text_worker->onMessage58q81qb9b182cnph2o34qa3bp5
[ 2017-12-25T16:40:00+08:00 ][ log ] $worker->onMessage58q81qb9b182cnph2o34qa3bp5
[ 2017-12-25T16:51:01+08:00 ][ log ] $inner_text_worker->onMessage58q81qb9b182cnph2o34qa3bp5
[ 2017-12-25T16:51:01+08:00 ][ log ] $inner_text_worker->onMessage58q81qb9b182cnph2o34qa3bp5
[ 2017-12-25T16:51:04+08:00 ][ log ] $worker->onMessage58q81qb9b182cnph2o34qa3bp5
[ 2017-12-25T16:52:13+08:00 ][ log ] $inner_text_worker->onMessage58q81qb9b182cnph2o34qa3bp5
[ 2017-12-25T16:52:13+08:00 ][ log ] $inner_text_worker->onMessage58q81qb9b182cnph2o34qa3bp5
[ 2017-12-25T16:52:16+08:00 ][ log ] $worker->onMessage58q81qb9b182cnph2o34qa3bp5
[ 2017-12-25T16:55:33+08:00 ][ log ] $inner_text_worker->onMessage58q81qb9b182cnph2o34qa3bp5
[ 2017-12-25T16:55:33+08:00 ][ log ] $inner_text_worker->onMessage58q81qb9b182cnph2o34qa3bp5
[ 2017-12-25T16:55:37+08:00 ][ log ] $inner_text_worker->onMessage58q81qb9b182cnph2o34qa3bp5
[ 2017-12-25T16:55:37+08:00 ][ log ] $inner_text_worker->onMessage58q81qb9b182cnph2o34qa3bp5
[ 2017-12-25T16:55:39+08:00 ][ log ] $inner_text_worker->onMessage58q81qb9b182cnph2o34qa3bp5
[ 2017-12-25T16:55:39+08:00 ][ log ] $inner_text_worker->onMessage58q81qb9b182cnph2o34qa3bp5
[ 2017-12-25T16:55:41+08:00 ][ log ] $inner_text_worker->onMessage58q81qb9b182cnph2o34qa3bp5
[ 2017-12-25T16:55:41+08:00 ][ log ] $inner_text_worker->onMessage58q81qb9b182cnph2o34qa3bp5
[ 2017-12-25T16:55:44+08:00 ][ log ] $inner_text_worker->onMessage58q81qb9b182cnph2o34qa3bp5
[ 2017-12-25T16:55:44+08:00 ][ log ] $inner_text_worker->onMessage58q81qb9b182cnph2o34qa3bp5
[ 2017-12-25T16:55:49+08:00 ][ log ] $worker->onMessage58q81qb9b182cnph2o34qa3bp5
[ 2017-12-25T16:55:53+08:00 ][ log ] $inner_text_worker->onMessage58q81qb9b182cnph2o34qa3bp5
[ 2017-12-25T16:55:53+08:00 ][ log ] $inner_text_worker->onMessage58q81qb9b182cnph2o34qa3bp5
[ 2017-12-25T16:55:55+08:00 ][ log ] $worker->onMessage58q81qb9b182cnph2o34qa3bp5
[ 2017-12-25T16:56:00+08:00 ][ log ] $inner_text_worker->onMessage58q81qb9b182cnph2o34qa3bp5
[ 2017-12-25T16:56:00+08:00 ][ log ] $inner_text_worker->onMessage58q81qb9b182cnph2o34qa3bp5
[ 2017-12-25T16:56:03+08:00 ][ log ] $inner_text_worker->onMessage58q81qb9b182cnph2o34qa3bp5
[ 2017-12-25T16:56:03+08:00 ][ log ] $inner_text_worker->onMessage58q81qb9b182cnph2o34qa3bp5
[ 2017-12-25T16:56:03+08:00 ][ log ] $worker->onMessage58q81qb9b182cnph2o34qa3bp5
[ 2017-12-25T16:56:05+08:00 ][ log ] $inner_text_worker->onMessage58q81qb9b182cnph2o34qa3bp5
[ 2017-12-25T16:56:05+08:00 ][ log ] $inner_text_worker->onMessage58q81qb9b182cnph2o34qa3bp5
[ 2017-12-25T16:56:08+08:00 ][ log ] $worker->onMessage58q81qb9b182cnph2o34qa3bp5
[ 2017-12-25T16:57:07+08:00 ][ log ] $inner_text_worker->onMessage58q81qb9b182cnph2o34qa3bp5
[ 2017-12-25T16:57:07+08:00 ][ log ] $inner_text_worker->onMessage58q81qb9b182cnph2o34qa3bp5
[ 2017-12-25T16:57:11+08:00 ][ log ] $inner_text_worker->onMessage58q81qb9b182cnph2o34qa3bp5
[ 2017-12-25T16:57:11+08:00 ][ log ] $inner_text_worker->onMessage58q81qb9b182cnph2o34qa3bp5
[ 2017-12-25T16:57:11+08:00 ][ log ] $worker->onMessage58q81qb9b182cnph2o34qa3bp5
[ 2017-12-25T16:57:13+08:00 ][ log ] $inner_text_worker->onMessage58q81qb9b182cnph2o34qa3bp5
[ 2017-12-25T16:57:13+08:00 ][ log ] $inner_text_worker->onMessage58q81qb9b182cnph2o34qa3bp5
[ 2017-12-25T16:57:15+08:00 ][ log ] $worker->onMessage58q81qb9b182cnph2o34qa3bp5
[ 2017-12-25T16:58:39+08:00 ][ log ] $inner_text_worker->onMessage58q81qb9b182cnph2o34qa3bp5
[ 2017-12-25T16:58:39+08:00 ][ log ] $inner_text_worker->onMessage58q81qb9b182cnph2o34qa3bp5
[ 2017-12-25T16:58:43+08:00 ][ log ] $inner_text_worker->onMessage58q81qb9b182cnph2o34qa3bp5
[ 2017-12-25T16:58:43+08:00 ][ log ] $inner_text_worker->onMessage58q81qb9b182cnph2o34qa3bp5
[ 2017-12-25T16:58:43+08:00 ][ log ] $worker->onMessage58q81qb9b182cnph2o34qa3bp5
[ 2017-12-25T16:58:45+08:00 ][ log ] $inner_text_worker->onMessage58q81qb9b182cnph2o34qa3bp5
[ 2017-12-25T16:58:45+08:00 ][ log ] $inner_text_worker->onMessage58q81qb9b182cnph2o34qa3bp5
[ 2017-12-25T16:58:47+08:00 ][ log ] $worker->onMessage58q81qb9b182cnph2o34qa3bp5
[ 2017-12-25T16:58:52+08:00 ][ log ] $inner_text_worker->onMessage58q81qb9b182cnph2o34qa3bp5
[ 2017-12-25T16:58:52+08:00 ][ log ] $inner_text_worker->onMessage58q81qb9b182cnph2o34qa3bp5
[ 2017-12-25T16:58:54+08:00 ][ log ] $inner_text_worker->onMessage58q81qb9b182cnph2o34qa3bp5
[ 2017-12-25T16:58:54+08:00 ][ log ] $inner_text_worker->onMessage58q81qb9b182cnph2o34qa3bp5
[ 2017-12-25T16:58:54+08:00 ][ log ] $worker->onMessage58q81qb9b182cnph2o34qa3bp5
[ 2017-12-25T16:58:56+08:00 ][ log ] $inner_text_worker->onMessage58q81qb9b182cnph2o34qa3bp5
[ 2017-12-25T16:58:56+08:00 ][ log ] $inner_text_worker->onMessage58q81qb9b182cnph2o34qa3bp5
[ 2017-12-25T16:58:56+08:00 ][ log ] $worker->onMessage58q81qb9b182cnph2o34qa3bp5
[ 2017-12-25T16:58:58+08:00 ][ log ] $inner_text_worker->onMessage58q81qb9b182cnph2o34qa3bp5
[ 2017-12-25T16:58:58+08:00 ][ log ] $inner_text_worker->onMessage58q81qb9b182cnph2o34qa3bp5
[ 2017-12-25T16:59:00+08:00 ][ log ] $inner_text_worker->onMessage58q81qb9b182cnph2o34qa3bp5
[ 2017-12-25T16:59:00+08:00 ][ log ] $inner_text_worker->onMessage58q81qb9b182cnph2o34qa3bp5
[ 2017-12-25T16:59:00+08:00 ][ log ] $worker->onMessage58q81qb9b182cnph2o34qa3bp5
[ 2017-12-25T16:59:01+08:00 ][ log ] $inner_text_worker->onMessage58q81qb9b182cnph2o34qa3bp5
[ 2017-12-25T16:59:01+08:00 ][ log ] $inner_text_worker->onMessage58q81qb9b182cnph2o34qa3bp5
[ 2017-12-25T16:59:04+08:00 ][ log ] $worker->onMessage58q81qb9b182cnph2o34qa3bp5
[ 2017-12-25T17:00:53+08:00 ][ log ] $inner_text_worker->onMessage58q81qb9b182cnph2o34qa3bp5
[ 2017-12-25T17:00:53+08:00 ][ log ] $inner_text_worker->onMessage58q81qb9b182cnph2o34qa3bp5
[ 2017-12-25T17:00:58+08:00 ][ log ] $inner_text_worker->onMessage58q81qb9b182cnph2o34qa3bp5
[ 2017-12-25T17:00:58+08:00 ][ log ] $inner_text_worker->onMessage58q81qb9b182cnph2o34qa3bp5
[ 2017-12-25T17:00:58+08:00 ][ log ] $worker->onMessage58q81qb9b182cnph2o34qa3bp5
[ 2017-12-25T17:03:49+08:00 ][ log ] $inner_text_worker->onMessage58q81qb9b182cnph2o34qa3bp5
[ 2017-12-25T17:03:49+08:00 ][ log ] $inner_text_worker->onMessage58q81qb9b182cnph2o34qa3bp5
[ 2017-12-25T17:03:51+08:00 ][ log ] $worker->onMessage58q81qb9b182cnph2o34qa3bp5
[ 2017-12-25T17:09:15+08:00 ][ log ] $inner_text_worker->onMessage58q81qb9b182cnph2o34qa3bp5
[ 2017-12-25T17:09:15+08:00 ][ log ] $inner_text_worker->onMessage58q81qb9b182cnph2o34qa3bp5
[ 2017-12-25T17:09:18+08:00 ][ log ] $worker->onMessage58q81qb9b182cnph2o34qa3bp5
[ 2017-12-25T17:09:23+08:00 ][ log ] $inner_text_worker->onMessage58q81qb9b182cnph2o34qa3bp5
[ 2017-12-25T17:09:23+08:00 ][ log ] $inner_text_worker->onMessage58q81qb9b182cnph2o34qa3bp5
[ 2017-12-25T17:09:24+08:00 ][ log ] $worker->onMessage58q81qb9b182cnph2o34qa3bp5
[ 2017-12-25T17:09:27+08:00 ][ log ] $inner_text_worker->onMessage58q81qb9b182cnph2o34qa3bp5
[ 2017-12-25T17:09:27+08:00 ][ log ] $inner_text_worker->onMessage58q81qb9b182cnph2o34qa3bp5
[ 2017-12-25T17:09:31+08:00 ][ log ] $inner_text_worker->onMessage58q81qb9b182cnph2o34qa3bp5
[ 2017-12-25T17:09:31+08:00 ][ log ] $inner_text_worker->onMessage58q81qb9b182cnph2o34qa3bp5
[ 2017-12-25T17:09:31+08:00 ][ log ] $worker->onMessage58q81qb9b182cnph2o34qa3bp5
[ 2017-12-25T17:12:41+08:00 ][ log ] $inner_text_worker->onMessage58q81qb9b182cnph2o34qa3bp5
[ 2017-12-25T17:12:41+08:00 ][ log ] $inner_text_worker->onMessage58q81qb9b182cnph2o34qa3bp5
[ 2017-12-25T17:12:44+08:00 ][ log ] $worker->onMessage58q81qb9b182cnph2o34qa3bp5
[ 2017-12-25T17:12:46+08:00 ][ log ] $inner_text_worker->onMessage58q81qb9b182cnph2o34qa3bp5
[ 2017-12-25T17:12:46+08:00 ][ log ] $inner_text_worker->onMessage58q81qb9b182cnph2o34qa3bp5
[ 2017-12-25T17:12:50+08:00 ][ log ] $inner_text_worker->onMessage58q81qb9b182cnph2o34qa3bp5
[ 2017-12-25T17:12:50+08:00 ][ log ] $inner_text_worker->onMessage58q81qb9b182cnph2o34qa3bp5
[ 2017-12-25T17:12:50+08:00 ][ log ] $worker->onMessage58q81qb9b182cnph2o34qa3bp5
[ 2017-12-25T17:14:53+08:00 ][ log ] $inner_text_worker->onMessage58q81qb9b182cnph2o34qa3bp5
[ 2017-12-25T17:14:53+08:00 ][ log ] $inner_text_worker->onMessage58q81qb9b182cnph2o34qa3bp5
[ 2017-12-25T17:14:56+08:00 ][ log ] $worker->onMessage58q81qb9b182cnph2o34qa3bp5
[ 2017-12-25T17:14:57+08:00 ][ log ] $inner_text_worker->onMessage58q81qb9b182cnph2o34qa3bp5
[ 2017-12-25T17:14:57+08:00 ][ log ] $inner_text_worker->onMessage58q81qb9b182cnph2o34qa3bp5
[ 2017-12-25T17:15:02+08:00 ][ log ] $inner_text_worker->onMessage58q81qb9b182cnph2o34qa3bp5
[ 2017-12-25T17:15:02+08:00 ][ log ] $inner_text_worker->onMessage58q81qb9b182cnph2o34qa3bp5
[ 2017-12-25T17:15:02+08:00 ][ log ] $worker->onMessage58q81qb9b182cnph2o34qa3bp5
[ 2017-12-25T17:15:04+08:00 ][ log ] $inner_text_worker->onMessage58q81qb9b182cnph2o34qa3bp5
[ 2017-12-25T17:15:04+08:00 ][ log ] $inner_text_worker->onMessage58q81qb9b182cnph2o34qa3bp5
[ 2017-12-25T17:15:06+08:00 ][ log ] $worker->onMessage58q81qb9b182cnph2o34qa3bp5
[ 2017-12-25T17:16:40+08:00 ][ log ] $inner_text_worker->onMessage58q81qb9b182cnph2o34qa3bp5
[ 2017-12-25T17:16:40+08:00 ][ log ] $inner_text_worker->onMessage58q81qb9b182cnph2o34qa3bp5
[ 2017-12-25T17:16:44+08:00 ][ log ] $inner_text_worker->onMessage58q81qb9b182cnph2o34qa3bp5
[ 2017-12-25T17:16:44+08:00 ][ log ] $inner_text_worker->onMessage58q81qb9b182cnph2o34qa3bp5
[ 2017-12-25T17:16:44+08:00 ][ log ] $worker->onMessage58q81qb9b182cnph2o34qa3bp5
[ 2017-12-25T17:19:27+08:00 ][ log ] $inner_text_worker->onMessage58q81qb9b182cnph2o34qa3bp5
[ 2017-12-25T17:19:27+08:00 ][ log ] $inner_text_worker->onMessage58q81qb9b182cnph2o34qa3bp5
[ 2017-12-25T17:19:29+08:00 ][ log ] $worker->onMessage58q81qb9b182cnph2o34qa3bp5
[ 2017-12-25T17:19:47+08:00 ][ log ] $inner_text_worker->onMessage58q81qb9b182cnph2o34qa3bp5
[ 2017-12-25T17:19:47+08:00 ][ log ] $inner_text_worker->onMessage58q81qb9b182cnph2o34qa3bp5
[ 2017-12-25T17:19:51+08:00 ][ log ] $inner_text_worker->onMessage58q81qb9b182cnph2o34qa3bp5
[ 2017-12-25T17:19:51+08:00 ][ log ] $inner_text_worker->onMessage58q81qb9b182cnph2o34qa3bp5
[ 2017-12-25T17:19:51+08:00 ][ log ] $worker->onMessage58q81qb9b182cnph2o34qa3bp5
[ 2017-12-25T17:19:53+08:00 ][ log ] $inner_text_worker->onMessage58q81qb9b182cnph2o34qa3bp5
[ 2017-12-25T17:19:53+08:00 ][ log ] $inner_text_worker->onMessage58q81qb9b182cnph2o34qa3bp5
[ 2017-12-25T17:19:55+08:00 ][ log ] $worker->onMessage58q81qb9b182cnph2o34qa3bp5
[ 2017-12-25T17:20:22+08:00 ][ log ] $inner_text_worker->onMessage5sh9nq3ioavf17nbqm6vsqvgv4
[ 2017-12-25T17:20:22+08:00 ][ log ] $inner_text_worker->onMessage5sh9nq3ioavf17nbqm6vsqvgv4
[ 2017-12-25T17:20:25+08:00 ][ log ] $inner_text_worker->onMessage2q3gq22urj23vbs3mokls7ifg7
[ 2017-12-25T17:20:25+08:00 ][ log ] $inner_text_worker->onMessage2q3gq22urj23vbs3mokls7ifg7
[ 2017-12-25T17:20:25+08:00 ][ log ] $worker->onMessage2q3gq22urj23vbs3mokls7ifg7
[ 2017-12-25T17:20:27+08:00 ][ log ] $inner_text_worker->onMessage2q3gq22urj23vbs3mokls7ifg7
[ 2017-12-25T17:20:27+08:00 ][ log ] $inner_text_worker->onMessage2q3gq22urj23vbs3mokls7ifg7
[ 2017-12-25T17:20:28+08:00 ][ log ] $worker->onMessage2q3gq22urj23vbs3mokls7ifg7
[ 2017-12-25T17:20:29+08:00 ][ log ] $inner_text_worker->onMessage2q3gq22urj23vbs3mokls7ifg7
[ 2017-12-25T17:20:29+08:00 ][ log ] $inner_text_worker->onMessage2q3gq22urj23vbs3mokls7ifg7
[ 2017-12-25T17:20:31+08:00 ][ log ] $inner_text_worker->onMessage2q3gq22urj23vbs3mokls7ifg7
[ 2017-12-25T17:20:31+08:00 ][ log ] $inner_text_worker->onMessage2q3gq22urj23vbs3mokls7ifg7
[ 2017-12-25T17:20:31+08:00 ][ log ] $worker->onMessage2q3gq22urj23vbs3mokls7ifg7
[ 2017-12-25T17:20:32+08:00 ][ log ] $inner_text_worker->onMessage2q3gq22urj23vbs3mokls7ifg7
[ 2017-12-25T17:20:32+08:00 ][ log ] $inner_text_worker->onMessage2q3gq22urj23vbs3mokls7ifg7
[ 2017-12-25T17:20:32+08:00 ][ log ] $worker->onMessage2q3gq22urj23vbs3mokls7ifg7
[ 2017-12-25T17:20:33+08:00 ][ log ] $inner_text_worker->onMessage2q3gq22urj23vbs3mokls7ifg7
[ 2017-12-25T17:20:33+08:00 ][ log ] $inner_text_worker->onMessage2q3gq22urj23vbs3mokls7ifg7
[ 2017-12-25T17:20:34+08:00 ][ log ] $inner_text_worker->onMessage2q3gq22urj23vbs3mokls7ifg7
[ 2017-12-25T17:20:34+08:00 ][ log ] $inner_text_worker->onMessage2q3gq22urj23vbs3mokls7ifg7
[ 2017-12-25T17:20:34+08:00 ][ log ] $worker->onMessage2q3gq22urj23vbs3mokls7ifg7
[ 2017-12-25T17:20:36+08:00 ][ log ] $inner_text_worker->onMessage2q3gq22urj23vbs3mokls7ifg7
[ 2017-12-25T17:20:36+08:00 ][ log ] $inner_text_worker->onMessage2q3gq22urj23vbs3mokls7ifg7
[ 2017-12-25T17:20:36+08:00 ][ log ] $worker->onMessage2q3gq22urj23vbs3mokls7ifg7
[ 2017-12-25T17:20:40+08:00 ][ log ] $inner_text_worker->onMessage2q3gq22urj23vbs3mokls7ifg7
[ 2017-12-25T17:20:40+08:00 ][ log ] $inner_text_worker->onMessage2q3gq22urj23vbs3mokls7ifg7
[ 2017-12-25T17:20:48+08:00 ][ log ] $inner_text_worker->onMessage2q3gq22urj23vbs3mokls7ifg7
[ 2017-12-25T17:20:48+08:00 ][ log ] $inner_text_worker->onMessage2q3gq22urj23vbs3mokls7ifg7
[ 2017-12-25T17:20:48+08:00 ][ log ] $worker->onMessage2q3gq22urj23vbs3mokls7ifg7
[ 2017-12-25T17:20:50+08:00 ][ log ] $inner_text_worker->onMessage2q3gq22urj23vbs3mokls7ifg7
[ 2017-12-25T17:20:50+08:00 ][ log ] $inner_text_worker->onMessage2q3gq22urj23vbs3mokls7ifg7
[ 2017-12-25T17:20:50+08:00 ][ log ] $worker->onMessage2q3gq22urj23vbs3mokls7ifg7
[ 2017-12-25T17:21:00+08:00 ][ log ] $inner_text_worker->onMessage58q81qb9b182cnph2o34qa3bp5
[ 2017-12-25T17:21:00+08:00 ][ log ] $inner_text_worker->onMessage58q81qb9b182cnph2o34qa3bp5
[ 2017-12-25T17:21:05+08:00 ][ log ] $inner_text_worker->onMessage58q81qb9b182cnph2o34qa3bp5
[ 2017-12-25T17:21:05+08:00 ][ log ] $inner_text_worker->onMessage58q81qb9b182cnph2o34qa3bp5
[ 2017-12-25T17:21:05+08:00 ][ log ] $worker->onMessage58q81qb9b182cnph2o34qa3bp5
[ 2017-12-25T17:21:07+08:00 ][ log ] $inner_text_worker->onMessage58q81qb9b182cnph2o34qa3bp5
[ 2017-12-25T17:21:07+08:00 ][ log ] $inner_text_worker->onMessage58q81qb9b182cnph2o34qa3bp5
[ 2017-12-25T17:21:09+08:00 ][ log ] $worker->onMessage58q81qb9b182cnph2o34qa3bp5
[ 2017-12-25T17:22:00+08:00 ][ info ] [ LANG ] D:\think\tp5_workerman\thinkphp\thinkphp\lang\zh-cn.php
[ info ] [ LOG ] INIT File
[ 2017-12-25T17:22:00+08:00 ][ info ] [ BIND ] 'push/Worker'
[ 2017-12-25T17:22:00+08:00 ][ info ] [ ROUTE ] array (
  'type' => 'module',
  'module' => 
  array (
    0 => 'push',
    1 => 'Worker',
    2 => NULL,
  ),
)
[ 2017-12-25T17:22:00+08:00 ][ info ] [ HEADER ] array (
)
[ 2017-12-25T17:22:00+08:00 ][ info ] [ PARAM ] array (
)
[ 2017-12-25T17:22:05+08:00 ][ log ] $inner_text_worker->onMessage2q3gq22urj23vbs3mokls7ifg7
[ 2017-12-25T17:22:05+08:00 ][ log ] $inner_text_worker->onMessage2q3gq22urj23vbs3mokls7ifg7
[ 2017-12-25T17:22:08+08:00 ][ log ] $inner_text_worker->onMessage2q3gq22urj23vbs3mokls7ifg7
[ 2017-12-25T17:22:08+08:00 ][ log ] $inner_text_worker->onMessage2q3gq22urj23vbs3mokls7ifg7
[ 2017-12-25T17:22:08+08:00 ][ log ] $worker->onMessage2q3gq22urj23vbs3mokls7ifg7
[ 2017-12-25T17:23:05+08:00 ][ log ] $inner_text_worker->onMessage2q3gq22urj23vbs3mokls7ifg7
[ 2017-12-25T17:23:05+08:00 ][ log ] $inner_text_worker->onMessage2q3gq22urj23vbs3mokls7ifg7
[ 2017-12-25T17:23:05+08:00 ][ log ] $worker->onMessage2q3gq22urj23vbs3mokls7ifg7
[ 2017-12-25T17:23:07+08:00 ][ log ] $inner_text_worker->onMessage2q3gq22urj23vbs3mokls7ifg7
[ 2017-12-25T17:23:07+08:00 ][ log ] $inner_text_worker->onMessage2q3gq22urj23vbs3mokls7ifg7
[ 2017-12-25T17:23:09+08:00 ][ log ] $inner_text_worker->onMessage2q3gq22urj23vbs3mokls7ifg7
[ 2017-12-25T17:23:09+08:00 ][ log ] $inner_text_worker->onMessage2q3gq22urj23vbs3mokls7ifg7
[ 2017-12-25T17:23:09+08:00 ][ log ] $worker->onMessage2q3gq22urj23vbs3mokls7ifg7
[ 2017-12-25T17:24:31+08:00 ][ log ] $inner_text_worker->onMessage2q3gq22urj23vbs3mokls7ifg7
[ 2017-12-25T17:24:31+08:00 ][ log ] $inner_text_worker->onMessage2q3gq22urj23vbs3mokls7ifg7
[ 2017-12-25T17:24:32+08:00 ][ log ] $worker->onMessage2q3gq22urj23vbs3mokls7ifg7
[ 2017-12-25T17:24:33+08:00 ][ log ] $inner_text_worker->onMessage2q3gq22urj23vbs3mokls7ifg7
[ 2017-12-25T17:24:33+08:00 ][ log ] $inner_text_worker->onMessage2q3gq22urj23vbs3mokls7ifg7
[ 2017-12-25T17:24:39+08:00 ][ log ] $inner_text_worker->onMessage2q3gq22urj23vbs3mokls7ifg7
[ 2017-12-25T17:24:39+08:00 ][ log ] $inner_text_worker->onMessage2q3gq22urj23vbs3mokls7ifg7
[ 2017-12-25T17:24:39+08:00 ][ log ] $worker->onMessage2q3gq22urj23vbs3mokls7ifg7
[ 2017-12-25T17:24:40+08:00 ][ log ] $inner_text_worker->onMessage2q3gq22urj23vbs3mokls7ifg7
[ 2017-12-25T17:24:40+08:00 ][ log ] $inner_text_worker->onMessage2q3gq22urj23vbs3mokls7ifg7
[ 2017-12-25T17:24:40+08:00 ][ log ] $worker->onMessage2q3gq22urj23vbs3mokls7ifg7
[ 2017-12-25T17:24:44+08:00 ][ info ] [ LANG ] D:\think\tp5_workerman\thinkphp\thinkphp\lang\zh-cn.php
[ info ] [ LOG ] INIT File
[ 2017-12-25T17:24:44+08:00 ][ info ] [ BIND ] 'push/Worker'
[ 2017-12-25T17:24:44+08:00 ][ info ] [ ROUTE ] array (
  'type' => 'module',
  'module' => 
  array (
    0 => 'push',
    1 => 'Worker',
    2 => NULL,
  ),
)
[ 2017-12-25T17:24:44+08:00 ][ info ] [ HEADER ] array (
)
[ 2017-12-25T17:24:44+08:00 ][ info ] [ PARAM ] array (
)
[ 2017-12-25T17:24:46+08:00 ][ log ] $inner_text_worker->onMessage2q3gq22urj23vbs3mokls7ifg7
[ 2017-12-25T17:24:46+08:00 ][ log ] $inner_text_worker->onMessage2q3gq22urj23vbs3mokls7ifg7
[ 2017-12-25T17:24:48+08:00 ][ log ] $inner_text_worker->onMessage2q3gq22urj23vbs3mokls7ifg7
[ 2017-12-25T17:24:48+08:00 ][ log ] $inner_text_worker->onMessage2q3gq22urj23vbs3mokls7ifg7
[ 2017-12-25T17:24:48+08:00 ][ log ] $worker->onMessage2q3gq22urj23vbs3mokls7ifg7
[ 2017-12-25T17:26:13+08:00 ][ log ] $inner_text_worker->onMessage2q3gq22urj23vbs3mokls7ifg7
[ 2017-12-25T17:26:13+08:00 ][ log ] $inner_text_worker->onMessage2q3gq22urj23vbs3mokls7ifg7
[ 2017-12-25T17:26:13+08:00 ][ log ] $worker->onMessage2q3gq22urj23vbs3mokls7ifg7
[ 2017-12-25T17:26:14+08:00 ][ log ] $inner_text_worker->onMessage2q3gq22urj23vbs3mokls7ifg7
[ 2017-12-25T17:26:14+08:00 ][ log ] $inner_text_worker->onMessage2q3gq22urj23vbs3mokls7ifg7
[ 2017-12-25T17:26:16+08:00 ][ log ] $inner_text_worker->onMessage2q3gq22urj23vbs3mokls7ifg7
[ 2017-12-25T17:26:16+08:00 ][ log ] $inner_text_worker->onMessage2q3gq22urj23vbs3mokls7ifg7
[ 2017-12-25T17:26:16+08:00 ][ log ] $worker->onMessage2q3gq22urj23vbs3mokls7ifg7
[ 2017-12-25T17:26:20+08:00 ][ log ] $inner_text_worker->onMessage58q81qb9b182cnph2o34qa3bp5
[ 2017-12-25T17:26:20+08:00 ][ log ] $inner_text_worker->onMessage58q81qb9b182cnph2o34qa3bp5
[ 2017-12-25T17:26:20+08:00 ][ log ] $worker->onMessage58q81qb9b182cnph2o34qa3bp5
[ 2017-12-25T17:26:22+08:00 ][ log ] $inner_text_worker->onMessage58q81qb9b182cnph2o34qa3bp5
[ 2017-12-25T17:26:22+08:00 ][ log ] $inner_text_worker->onMessage58q81qb9b182cnph2o34qa3bp5
[ 2017-12-25T17:26:25+08:00 ][ log ] $inner_text_worker->onMessage58q81qb9b182cnph2o34qa3bp5
[ 2017-12-25T17:26:25+08:00 ][ log ] $inner_text_worker->onMessage58q81qb9b182cnph2o34qa3bp5
[ 2017-12-25T17:26:25+08:00 ][ log ] $worker->onMessage58q81qb9b182cnph2o34qa3bp5
[ 2017-12-25T17:26:27+08:00 ][ log ] $inner_text_worker->onMessage58q81qb9b182cnph2o34qa3bp5
[ 2017-12-25T17:26:27+08:00 ][ log ] $inner_text_worker->onMessage58q81qb9b182cnph2o34qa3bp5
[ 2017-12-25T17:26:29+08:00 ][ log ] $worker->onMessage58q81qb9b182cnph2o34qa3bp5
[ 2017-12-25T17:28:58+08:00 ][ log ] $inner_text_worker->onMessage2q3gq22urj23vbs3mokls7ifg7
[ 2017-12-25T17:28:58+08:00 ][ log ] $inner_text_worker->onMessage2q3gq22urj23vbs3mokls7ifg7
[ 2017-12-25T17:31:43+08:00 ][ log ] $inner_text_worker->onMessage58q81qb9b182cnph2o34qa3bp5
[ 2017-12-25T17:31:43+08:00 ][ log ] $inner_text_worker->onMessage58q81qb9b182cnph2o34qa3bp5
[ 2017-12-25T17:31:45+08:00 ][ log ] $worker->onMessage58q81qb9b182cnph2o34qa3bp5
[ 2017-12-25T17:31:46+08:00 ][ log ] $inner_text_worker->onMessage58q81qb9b182cnph2o34qa3bp5
[ 2017-12-25T17:31:46+08:00 ][ log ] $inner_text_worker->onMessage58q81qb9b182cnph2o34qa3bp5
[ 2017-12-25T17:31:48+08:00 ][ log ] $worker->onMessage58q81qb9b182cnph2o34qa3bp5
[ 2017-12-25T17:31:49+08:00 ][ log ] $inner_text_worker->onMessage58q81qb9b182cnph2o34qa3bp5
[ 2017-12-25T17:31:49+08:00 ][ log ] $inner_text_worker->onMessage58q81qb9b182cnph2o34qa3bp5
[ 2017-12-25T17:31:52+08:00 ][ log ] $inner_text_worker->onMessage58q81qb9b182cnph2o34qa3bp5
[ 2017-12-25T17:31:52+08:00 ][ log ] $inner_text_worker->onMessage58q81qb9b182cnph2o34qa3bp5
[ 2017-12-25T17:31:52+08:00 ][ log ] $worker->onMessage58q81qb9b182cnph2o34qa3bp5
[ 2017-12-25T17:31:54+08:00 ][ log ] $inner_text_worker->onMessage58q81qb9b182cnph2o34qa3bp5
[ 2017-12-25T17:31:54+08:00 ][ log ] $inner_text_worker->onMessage58q81qb9b182cnph2o34qa3bp5
[ 2017-12-25T17:31:56+08:00 ][ log ] $worker->onMessage58q81qb9b182cnph2o34qa3bp5
[ 2017-12-25T17:34:45+08:00 ][ log ] $inner_text_worker->onMessage58q81qb9b182cnph2o34qa3bp5
[ 2017-12-25T17:34:45+08:00 ][ log ] $inner_text_worker->onMessage58q81qb9b182cnph2o34qa3bp5
[ 2017-12-25T17:34:49+08:00 ][ log ] $inner_text_worker->onMessage58q81qb9b182cnph2o34qa3bp5
[ 2017-12-25T17:34:49+08:00 ][ log ] $inner_text_worker->onMessage58q81qb9b182cnph2o34qa3bp5
[ 2017-12-25T17:34:49+08:00 ][ log ] $worker->onMessage58q81qb9b182cnph2o34qa3bp5
[ 2017-12-25T17:34:56+08:00 ][ log ] $inner_text_worker->onMessage58q81qb9b182cnph2o34qa3bp5
[ 2017-12-25T17:34:56+08:00 ][ log ] $inner_text_worker->onMessage58q81qb9b182cnph2o34qa3bp5
[ 2017-12-25T17:35:00+08:00 ][ log ] $worker->onMessage58q81qb9b182cnph2o34qa3bp5
[ 2017-12-25T17:35:42+08:00 ][ log ] $inner_text_worker->onMessage2q3gq22urj23vbs3mokls7ifg7
[ 2017-12-25T17:35:42+08:00 ][ log ] $inner_text_worker->onMessage2q3gq22urj23vbs3mokls7ifg7
[ 2017-12-25T17:35:43+08:00 ][ log ] $inner_text_worker->onMessage2q3gq22urj23vbs3mokls7ifg7
[ 2017-12-25T17:35:43+08:00 ][ log ] $inner_text_worker->onMessage2q3gq22urj23vbs3mokls7ifg7
[ 2017-12-25T17:35:44+08:00 ][ log ] $worker->onMessage2q3gq22urj23vbs3mokls7ifg7
[ 2017-12-25T17:35:45+08:00 ][ log ] $inner_text_worker->onMessage2q3gq22urj23vbs3mokls7ifg7
[ 2017-12-25T17:35:45+08:00 ][ log ] $inner_text_worker->onMessage2q3gq22urj23vbs3mokls7ifg7
[ 2017-12-25T17:35:45+08:00 ][ log ] $worker->onMessage2q3gq22urj23vbs3mokls7ifg7
[ 2017-12-25T17:35:46+08:00 ][ log ] $inner_text_worker->onMessage2q3gq22urj23vbs3mokls7ifg7
[ 2017-12-25T17:35:46+08:00 ][ log ] $inner_text_worker->onMessage2q3gq22urj23vbs3mokls7ifg7
[ 2017-12-25T17:35:48+08:00 ][ log ] $inner_text_worker->onMessage2q3gq22urj23vbs3mokls7ifg7
[ 2017-12-25T17:35:48+08:00 ][ log ] $inner_text_worker->onMessage2q3gq22urj23vbs3mokls7ifg7
[ 2017-12-25T17:35:48+08:00 ][ log ] $worker->onMessage2q3gq22urj23vbs3mokls7ifg7
[ 2017-12-25T17:35:49+08:00 ][ log ] $inner_text_worker->onMessage2q3gq22urj23vbs3mokls7ifg7
[ 2017-12-25T17:35:49+08:00 ][ log ] $inner_text_worker->onMessage2q3gq22urj23vbs3mokls7ifg7
[ 2017-12-25T17:35:49+08:00 ][ log ] $worker->onMessage2q3gq22urj23vbs3mokls7ifg7
[ 2017-12-25T17:35:50+08:00 ][ log ] $inner_text_worker->onMessage2q3gq22urj23vbs3mokls7ifg7
[ 2017-12-25T17:35:50+08:00 ][ log ] $inner_text_worker->onMessage2q3gq22urj23vbs3mokls7ifg7
[ 2017-12-25T17:35:52+08:00 ][ log ] $inner_text_worker->onMessage2q3gq22urj23vbs3mokls7ifg7
[ 2017-12-25T17:35:52+08:00 ][ log ] $inner_text_worker->onMessage2q3gq22urj23vbs3mokls7ifg7
[ 2017-12-25T17:35:52+08:00 ][ log ] $worker->onMessage2q3gq22urj23vbs3mokls7ifg7
[ 2017-12-25T17:35:54+08:00 ][ log ] $inner_text_worker->onMessage2q3gq22urj23vbs3mokls7ifg7
[ 2017-12-25T17:35:54+08:00 ][ log ] $inner_text_worker->onMessage2q3gq22urj23vbs3mokls7ifg7
[ 2017-12-25T17:35:54+08:00 ][ log ] $worker->onMessage2q3gq22urj23vbs3mokls7ifg7
[ 2017-12-25T17:35:57+08:00 ][ log ] $inner_text_worker->onMessage58q81qb9b182cnph2o34qa3bp5
[ 2017-12-25T17:35:57+08:00 ][ log ] $inner_text_worker->onMessage58q81qb9b182cnph2o34qa3bp5
[ 2017-12-25T17:36:01+08:00 ][ log ] $inner_text_worker->onMessage58q81qb9b182cnph2o34qa3bp5
[ 2017-12-25T17:36:01+08:00 ][ log ] $inner_text_worker->onMessage58q81qb9b182cnph2o34qa3bp5
[ 2017-12-25T17:36:01+08:00 ][ log ] $worker->onMessage58q81qb9b182cnph2o34qa3bp5
[ 2017-12-25T17:36:03+08:00 ][ log ] $inner_text_worker->onMessage58q81qb9b182cnph2o34qa3bp5
[ 2017-12-25T17:36:03+08:00 ][ log ] $inner_text_worker->onMessage58q81qb9b182cnph2o34qa3bp5
[ 2017-12-25T17:36:06+08:00 ][ log ] $worker->onMessage58q81qb9b182cnph2o34qa3bp5
[ 2017-12-25T17:36:17+08:00 ][ log ] $inner_text_worker->onMessage58q81qb9b182cnph2o34qa3bp5
[ 2017-12-25T17:36:17+08:00 ][ log ] $inner_text_worker->onMessage58q81qb9b182cnph2o34qa3bp5
[ 2017-12-25T17:36:20+08:00 ][ log ] $inner_text_worker->onMessage58q81qb9b182cnph2o34qa3bp5
[ 2017-12-25T17:36:20+08:00 ][ log ] $inner_text_worker->onMessage58q81qb9b182cnph2o34qa3bp5
[ 2017-12-25T17:36:20+08:00 ][ log ] $worker->onMessage58q81qb9b182cnph2o34qa3bp5
[ 2017-12-25T17:36:22+08:00 ][ log ] $inner_text_worker->onMessage58q81qb9b182cnph2o34qa3bp5
[ 2017-12-25T17:36:22+08:00 ][ log ] $inner_text_worker->onMessage58q81qb9b182cnph2o34qa3bp5
[ 2017-12-25T17:36:24+08:00 ][ log ] $worker->onMessage58q81qb9b182cnph2o34qa3bp5
[ 2017-12-25T17:36:25+08:00 ][ log ] $inner_text_worker->onMessage58q81qb9b182cnph2o34qa3bp5
[ 2017-12-25T17:36:25+08:00 ][ log ] $inner_text_worker->onMessage58q81qb9b182cnph2o34qa3bp5
[ 2017-12-25T17:36:29+08:00 ][ log ] $inner_text_worker->onMessage58q81qb9b182cnph2o34qa3bp5
[ 2017-12-25T17:36:29+08:00 ][ log ] $inner_text_worker->onMessage58q81qb9b182cnph2o34qa3bp5
[ 2017-12-25T17:36:29+08:00 ][ log ] $worker->onMessage58q81qb9b182cnph2o34qa3bp5
[ 2017-12-25T17:36:30+08:00 ][ log ] $inner_text_worker->onMessage58q81qb9b182cnph2o34qa3bp5
[ 2017-12-25T17:36:30+08:00 ][ log ] $inner_text_worker->onMessage58q81qb9b182cnph2o34qa3bp5
[ 2017-12-25T17:36:32+08:00 ][ log ] $worker->onMessage58q81qb9b182cnph2o34qa3bp5
[ 2017-12-25T17:41:18+08:00 ][ log ] $inner_text_worker->onMessage58q81qb9b182cnph2o34qa3bp5
[ 2017-12-25T17:41:18+08:00 ][ log ] $inner_text_worker->onMessage58q81qb9b182cnph2o34qa3bp5
[ 2017-12-25T17:41:22+08:00 ][ log ] $inner_text_worker->onMessage58q81qb9b182cnph2o34qa3bp5
[ 2017-12-25T17:41:22+08:00 ][ log ] $inner_text_worker->onMessage58q81qb9b182cnph2o34qa3bp5
[ 2017-12-25T17:41:22+08:00 ][ log ] $worker->onMessage58q81qb9b182cnph2o34qa3bp5
[ 2017-12-25T17:41:24+08:00 ][ log ] $inner_text_worker->onMessage58q81qb9b182cnph2o34qa3bp5
[ 2017-12-25T17:41:24+08:00 ][ log ] $inner_text_worker->onMessage58q81qb9b182cnph2o34qa3bp5
[ 2017-12-25T17:41:26+08:00 ][ log ] $worker->onMessage58q81qb9b182cnph2o34qa3bp5
